Build started 11/15/2015 9:37:18 PM.
     1>Project "C:\Users\mandrake\Documents\Prg410\Week 03\Auditorium\Auditorium\Auditorium.vcxproj" on node 2 (build target(s)).
     1>InitializeBuildStatus:
         Creating "Debug\Auditorium.unsuccessfulbuild" because "AlwaysCreate" was specified.
       ClCompile:
         All outputs are up-to-date.
         c:\Program Files (x86)\Microsoft Visual Studio 10.0\VC\bin\CL.exe /c /ZI /nologo /W3 /WX- /Od /Oy- /D WIN32 /D _DEBUG /D _CONSOLE /D _UNICODE /D UNICODE /Gm /EHsc /RTC1 /MDd /GS /fp:precise /Zc:wchar_t /Zc:forScope /Yu"StdAfx.h" /Fp"Debug\Auditorium.pch" /Fo"Debug\\" /Fd"Debug\vc100.pdb" /Gd /TP /analyze- /errorReport:prompt Auditorium.cpp
         Auditorium.cpp
     1>c:\users\mandrake\documents\prg410\week 03\auditorium\auditorium\auditorium.cpp(147): warning C4996: 'fileno': The POSIX name for this item is deprecated. Instead, use the ISO C++ conformant name: _fileno. See online help for details.
                 c:\program files (x86)\microsoft visual studio 10.0\vc\include\stdio.h(723) : see declaration of 'fileno'
     1>c:\users\mandrake\documents\prg410\week 03\auditorium\auditorium\auditorium.cpp(150): warning C4996: 'getch': The POSIX name for this item is deprecated. Instead, use the ISO C++ conformant name: _getch. See online help for details.
                 c:\program files (x86)\microsoft visual studio 10.0\vc\include\conio.h(128) : see declaration of 'getch'
     1>c:\users\mandrake\documents\prg410\week 03\auditorium\auditorium\auditorium.cpp(162): warning C4996: 'getch': The POSIX name for this item is deprecated. Instead, use the ISO C++ conformant name: _getch. See online help for details.
                 c:\program files (x86)\microsoft visual studio 10.0\vc\include\conio.h(128) : see declaration of 'getch'
       ManifestResourceCompile:
         All outputs are up-to-date.
       Link:
         c:\Program Files (x86)\Microsoft Visual Studio 10.0\VC\bin\link.exe /ERRORREPORT:PROMPT /OUT:"C:\Users\mandrake\Documents\Prg410\Week 03\Auditorium\Debug\Auditorium.exe" /INCREMENTAL /NOLOGO kernel32.lib user32.lib gdi32.lib winspool.lib comdlg32.lib advapi32.lib shell32.lib ole32.lib oleaut32.lib uuid.lib odbc32.lib odbccp32.lib /MANIFEST /ManifestFile:"Debug\Auditorium.exe.intermediate.manifest" /MANIFESTUAC:"level='asInvoker' uiAccess='false'" /DEBUG /PDB:"C:\Users\mandrake\Documents\Prg410\Week 03\Auditorium\Debug\Auditorium.pdb" /SUBSYSTEM:CONSOLE /TLBID:1 /DYNAMICBASE /NXCOMPAT /IMPLIB:"C:\Users\mandrake\Documents\Prg410\Week 03\Auditorium\Debug\Auditorium.lib" /MACHINE:X86 Debug\Auditorium.exe.embed.manifest.res
         Debug\Auditorium.obj
         Debug\stdafx.obj
       Manifest:
         C:\Program Files (x86)\Microsoft SDKs\Windows\v7.0A\bin\mt.exe /nologo /verbose /out:"Debug\Auditorium.exe.embed.manifest" /manifest Debug\Auditorium.exe.intermediate.manifest
         All outputs are up-to-date.
       LinkEmbedManifest:
         All outputs are up-to-date.
         Auditorium.vcxproj -> C:\Users\mandrake\Documents\Prg410\Week 03\Auditorium\Debug\Auditorium.exe
       FinalizeBuildStatus:
         Deleting file "Debug\Auditorium.unsuccessfulbuild".
         Touching "Debug\Auditorium.lastbuildstate".
     1>Done Building Project "C:\Users\mandrake\Documents\Prg410\Week 03\Auditorium\Auditorium\Auditorium.vcxproj" (build target(s)).

Build succeeded.

Time Elapsed 00:00:02.14
