Build started 11/13/2015 1:44:57 AM.
     1>Project "C:\Users\mandrake\Documents\Prg410\Week 03\Sopa\Sopa\Sopa.vcxproj" on node 2 (build target(s)).
     1>InitializeBuildStatus:
         Touching "Debug\Sopa.unsuccessfulbuild".
       ClCompile:
         All outputs are up-to-date.
         c:\Program Files (x86)\Microsoft Visual Studio 10.0\VC\bin\CL.exe /c /ZI /nologo /W3 /WX- /Od /Oy- /D WIN32 /D _DEBUG /D _CONSOLE /D _UNICODE /D UNICODE /Gm /EHsc /RTC1 /MDd /GS /fp:precise /Zc:wchar_t /Zc:forScope /Yu"StdAfx.h" /Fp"Debug\Sopa.pch" /Fo"Debug\\" /Fd"Debug\vc100.pdb" /Gd /TP /analyze- /errorReport:prompt Sopa.cpp
         Sopa.cpp
     1>c:\users\mandrake\documents\prg410\week 03\sopa\sopa\sopa.cpp(127): warning C4566: character represented by universal-character-name '\u2229' cannot be represented in the current code page (1252)
     1>c:\users\mandrake\documents\prg410\week 03\sopa\sopa\sopa.cpp(127): warning C4566: character represented by universal-character-name '\u2510' cannot be represented in the current code page (1252)
     1>c:\users\mandrake\documents\prg410\week 03\sopa\sopa\sopa.cpp(127): warning C4566: character represented by universal-character-name '\u255C' cannot be represented in the current code page (1252)
     1>c:\users\mandrake\documents\prg410\week 03\sopa\sopa\sopa.cpp(127): warning C4566: character represented by universal-character-name '\u2229' cannot be represented in the current code page (1252)
     1>c:\users\mandrake\documents\prg410\week 03\sopa\sopa\sopa.cpp(127): warning C4566: character represented by universal-character-name '\u2510' cannot be represented in the current code page (1252)
     1>c:\users\mandrake\documents\prg410\week 03\sopa\sopa\sopa.cpp(127): warning C4566: character represented by universal-character-name '\u255C' cannot be represented in the current code page (1252)
     1>c:\users\mandrake\documents\prg410\week 03\sopa\sopa\sopa.cpp(127): warning C4566: character represented by universal-character-name '\u2229' cannot be represented in the current code page (1252)
     1>c:\users\mandrake\documents\prg410\week 03\sopa\sopa\sopa.cpp(127): warning C4566: character represented by universal-character-name '\u2510' cannot be represented in the current code page (1252)
     1>c:\users\mandrake\documents\prg410\week 03\sopa\sopa\sopa.cpp(127): warning C4566: character represented by universal-character-name '\u255C' cannot be represented in the current code page (1252)
     1>c:\users\mandrake\documents\prg410\week 03\sopa\sopa\sopa.cpp(127): warning C4566: character represented by universal-character-name '\u2229' cannot be represented in the current code page (1252)
     1>c:\users\mandrake\documents\prg410\week 03\sopa\sopa\sopa.cpp(127): warning C4566: character represented by universal-character-name '\u2510' cannot be represented in the current code page (1252)
     1>c:\users\mandrake\documents\prg410\week 03\sopa\sopa\sopa.cpp(127): warning C4566: character represented by universal-character-name '\u255C' cannot be represented in the current code page (1252)
     1>c:\users\mandrake\documents\prg410\week 03\sopa\sopa\sopa.cpp(127): warning C4566: character represented by universal-character-name '\u2229' cannot be represented in the current code page (1252)
     1>c:\users\mandrake\documents\prg410\week 03\sopa\sopa\sopa.cpp(127): warning C4566: character represented by universal-character-name '\u2510' cannot be represented in the current code page (1252)
     1>c:\users\mandrake\documents\prg410\week 03\sopa\sopa\sopa.cpp(127): warning C4566: character represented by universal-character-name '\u255C' cannot be represented in the current code page (1252)
     1>c:\users\mandrake\documents\prg410\week 03\sopa\sopa\sopa.cpp(127): warning C4566: character represented by universal-character-name '\u2229' cannot be represented in the current code page (1252)
     1>c:\users\mandrake\documents\prg410\week 03\sopa\sopa\sopa.cpp(127): warning C4566: character represented by universal-character-name '\u2510' cannot be represented in the current code page (1252)
     1>c:\users\mandrake\documents\prg410\week 03\sopa\sopa\sopa.cpp(127): warning C4566: character represented by universal-character-name '\u255C' cannot be represented in the current code page (1252)
     1>c:\users\mandrake\documents\prg410\week 03\sopa\sopa\sopa.cpp(127): warning C4566: character represented by universal-character-name '\u2229' cannot be represented in the current code page (1252)
     1>c:\users\mandrake\documents\prg410\week 03\sopa\sopa\sopa.cpp(127): warning C4566: character represented by universal-character-name '\u2510' cannot be represented in the current code page (1252)
     1>c:\users\mandrake\documents\prg410\week 03\sopa\sopa\sopa.cpp(127): warning C4566: character represented by universal-character-name '\u255C' cannot be represented in the current code page (1252)
     1>c:\users\mandrake\documents\prg410\week 03\sopa\sopa\sopa.cpp(127): warning C4566: character represented by universal-character-name '\u2229' cannot be represented in the current code page (1252)
     1>c:\users\mandrake\documents\prg410\week 03\sopa\sopa\sopa.cpp(127): warning C4566: character represented by universal-character-name '\u2510' cannot be represented in the current code page (1252)
     1>c:\users\mandrake\documents\prg410\week 03\sopa\sopa\sopa.cpp(127): warning C4566: character represented by universal-character-name '\u255C' cannot be represented in the current code page (1252)
     1>c:\users\mandrake\documents\prg410\week 03\sopa\sopa\sopa.cpp(127): warning C4566: character represented by universal-character-name '\u2229' cannot be represented in the current code page (1252)
     1>c:\users\mandrake\documents\prg410\week 03\sopa\sopa\sopa.cpp(127): warning C4566: character represented by universal-character-name '\u2510' cannot be represented in the current code page (1252)
     1>c:\users\mandrake\documents\prg410\week 03\sopa\sopa\sopa.cpp(127): warning C4566: character represented by universal-character-name '\u255C' cannot be represented in the current code page (1252)
     1>c:\users\mandrake\documents\prg410\week 03\sopa\sopa\sopa.cpp(127): warning C4566: character represented by universal-character-name '\u2229' cannot be represented in the current code page (1252)
     1>c:\users\mandrake\documents\prg410\week 03\sopa\sopa\sopa.cpp(127): warning C4566: character represented by universal-character-name '\u2510' cannot be represented in the current code page (1252)
     1>c:\users\mandrake\documents\prg410\week 03\sopa\sopa\sopa.cpp(127): warning C4566: character represented by universal-character-name '\u255C' cannot be represented in the current code page (1252)
     1>c:\users\mandrake\documents\prg410\week 03\sopa\sopa\sopa.cpp(127): warning C4566: character represented by universal-character-name '\u2229' cannot be represented in the current code page (1252)
     1>c:\users\mandrake\documents\prg410\week 03\sopa\sopa\sopa.cpp(127): warning C4566: character represented by universal-character-name '\u2510' cannot be represented in the current code page (1252)
     1>c:\users\mandrake\documents\prg410\week 03\sopa\sopa\sopa.cpp(127): warning C4566: character represented by universal-character-name '\u255C' cannot be represented in the current code page (1252)
     1>c:\users\mandrake\documents\prg410\week 03\sopa\sopa\sopa.cpp(128): warning C4566: character represented by universal-character-name '\u2229' cannot be represented in the current code page (1252)
     1>c:\users\mandrake\documents\prg410\week 03\sopa\sopa\sopa.cpp(128): warning C4566: character represented by universal-character-name '\u2510' cannot be represented in the current code page (1252)
     1>c:\users\mandrake\documents\prg410\week 03\sopa\sopa\sopa.cpp(128): warning C4566: character represented by universal-character-name '\u255C' cannot be represented in the current code page (1252)
     1>c:\users\mandrake\documents\prg410\week 03\sopa\sopa\sopa.cpp(129): warning C4566: character represented by universal-character-name '\u2229' cannot be represented in the current code page (1252)
     1>c:\users\mandrake\documents\prg410\week 03\sopa\sopa\sopa.cpp(129): warning C4566: character represented by universal-character-name '\u2510' cannot be represented in the current code page (1252)
     1>c:\users\mandrake\documents\prg410\week 03\sopa\sopa\sopa.cpp(129): warning C4566: character represented by universal-character-name '\u255C' cannot be represented in the current code page (1252)
     1>c:\users\mandrake\documents\prg410\week 03\sopa\sopa\sopa.cpp(129): warning C4566: character represented by universal-character-name '\u2229' cannot be represented in the current code page (1252)
     1>c:\users\mandrake\documents\prg410\week 03\sopa\sopa\sopa.cpp(129): warning C4566: character represented by universal-character-name '\u2510' cannot be represented in the current code page (1252)
     1>c:\users\mandrake\documents\prg410\week 03\sopa\sopa\sopa.cpp(129): warning C4566: character represented by universal-character-name '\u255C' cannot be represented in the current code page (1252)
     1>c:\users\mandrake\documents\prg410\week 03\sopa\sopa\sopa.cpp(129): warning C4566: character represented by universal-character-name '\u2229' cannot be represented in the current code page (1252)
     1>c:\users\mandrake\documents\prg410\week 03\sopa\sopa\sopa.cpp(129): warning C4566: character represented by universal-character-name '\u2510' cannot be represented in the current code page (1252)
     1>c:\users\mandrake\documents\prg410\week 03\sopa\sopa\sopa.cpp(129): warning C4566: character represented by universal-character-name '\u255C' cannot be represented in the current code page (1252)
     1>c:\users\mandrake\documents\prg410\week 03\sopa\sopa\sopa.cpp(129): warning C4566: character represented by universal-character-name '\u2229' cannot be represented in the current code page (1252)
     1>c:\users\mandrake\documents\prg410\week 03\sopa\sopa\sopa.cpp(129): warning C4566: character represented by universal-character-name '\u2510' cannot be represented in the current code page (1252)
     1>c:\users\mandrake\documents\prg410\week 03\sopa\sopa\sopa.cpp(129): warning C4566: character represented by universal-character-name '\u255C' cannot be represented in the current code page (1252)
     1>c:\users\mandrake\documents\prg410\week 03\sopa\sopa\sopa.cpp(129): warning C4566: character represented by universal-character-name '\u2229' cannot be represented in the current code page (1252)
     1>c:\users\mandrake\documents\prg410\week 03\sopa\sopa\sopa.cpp(129): warning C4566: character represented by universal-character-name '\u2510' cannot be represented in the current code page (1252)
     1>c:\users\mandrake\documents\prg410\week 03\sopa\sopa\sopa.cpp(129): warning C4566: character represented by universal-character-name '\u255C' cannot be represented in the current code page (1252)
     1>c:\users\mandrake\documents\prg410\week 03\sopa\sopa\sopa.cpp(129): warning C4566: character represented by universal-character-name '\u2229' cannot be represented in the current code page (1252)
     1>c:\users\mandrake\documents\prg410\week 03\sopa\sopa\sopa.cpp(129): warning C4566: character represented by universal-character-name '\u2510' cannot be represented in the current code page (1252)
     1>c:\users\mandrake\documents\prg410\week 03\sopa\sopa\sopa.cpp(129): warning C4566: character represented by universal-character-name '\u255C' cannot be represented in the current code page (1252)
     1>c:\users\mandrake\documents\prg410\week 03\sopa\sopa\sopa.cpp(129): warning C4566: character represented by universal-character-name '\u2229' cannot be represented in the current code page (1252)
     1>c:\users\mandrake\documents\prg410\week 03\sopa\sopa\sopa.cpp(129): warning C4566: character represented by universal-character-name '\u2510' cannot be represented in the current code page (1252)
     1>c:\users\mandrake\documents\prg410\week 03\sopa\sopa\sopa.cpp(129): warning C4566: character represented by universal-character-name '\u255C' cannot be represented in the current code page (1252)
     1>c:\users\mandrake\documents\prg410\week 03\sopa\sopa\sopa.cpp(129): warning C4566: character represented by universal-character-name '\u2229' cannot be represented in the current code page (1252)
     1>c:\users\mandrake\documents\prg410\week 03\sopa\sopa\sopa.cpp(129): warning C4566: character represented by universal-character-name '\u2510' cannot be represented in the current code page (1252)
     1>c:\users\mandrake\documents\prg410\week 03\sopa\sopa\sopa.cpp(129): warning C4566: character represented by universal-character-name '\u255C' cannot be represented in the current code page (1252)
     1>c:\users\mandrake\documents\prg410\week 03\sopa\sopa\sopa.cpp(129): warning C4566: character represented by universal-character-name '\u2229' cannot be represented in the current code page (1252)
     1>c:\users\mandrake\documents\prg410\week 03\sopa\sopa\sopa.cpp(129): warning C4566: character represented by universal-character-name '\u2510' cannot be represented in the current code page (1252)
     1>c:\users\mandrake\documents\prg410\week 03\sopa\sopa\sopa.cpp(129): warning C4566: character represented by universal-character-name '\u255C' cannot be represented in the current code page (1252)
     1>c:\users\mandrake\documents\prg410\week 03\sopa\sopa\sopa.cpp(129): warning C4566: character represented by universal-character-name '\u2229' cannot be represented in the current code page (1252)
     1>c:\users\mandrake\documents\prg410\week 03\sopa\sopa\sopa.cpp(129): warning C4566: character represented by universal-character-name '\u2510' cannot be represented in the current code page (1252)
     1>c:\users\mandrake\documents\prg410\week 03\sopa\sopa\sopa.cpp(129): warning C4566: character represented by universal-character-name '\u255C' cannot be represented in the current code page (1252)
     1>c:\users\mandrake\documents\prg410\week 03\sopa\sopa\sopa.cpp(129): warning C4566: character represented by universal-character-name '\u2229' cannot be represented in the current code page (1252)
     1>c:\users\mandrake\documents\prg410\week 03\sopa\sopa\sopa.cpp(129): warning C4566: character represented by universal-character-name '\u2510' cannot be represented in the current code page (1252)
     1>c:\users\mandrake\documents\prg410\week 03\sopa\sopa\sopa.cpp(129): warning C4566: character represented by universal-character-name '\u255C' cannot be represented in the current code page (1252)
     1>c:\users\mandrake\documents\prg410\week 03\sopa\sopa\sopa.cpp(130): warning C4566: character represented by universal-character-name '\u2229' cannot be represented in the current code page (1252)
     1>c:\users\mandrake\documents\prg410\week 03\sopa\sopa\sopa.cpp(130): warning C4566: character represented by universal-character-name '\u2510' cannot be represented in the current code page (1252)
     1>c:\users\mandrake\documents\prg410\week 03\sopa\sopa\sopa.cpp(130): warning C4566: character represented by universal-character-name '\u255C' cannot be represented in the current code page (1252)
     1>c:\users\mandrake\documents\prg410\week 03\sopa\sopa\sopa.cpp(131): warning C4566: character represented by universal-character-name '\u2229' cannot be represented in the current code page (1252)
     1>c:\users\mandrake\documents\prg410\week 03\sopa\sopa\sopa.cpp(131): warning C4566: character represented by universal-character-name '\u2510' cannot be represented in the current code page (1252)
     1>c:\users\mandrake\documents\prg410\week 03\sopa\sopa\sopa.cpp(131): warning C4566: character represented by universal-character-name '\u255C' cannot be represented in the current code page (1252)
     1>c:\users\mandrake\documents\prg410\week 03\sopa\sopa\sopa.cpp(131): warning C4566: character represented by universal-character-name '\u2229' cannot be represented in the current code page (1252)
     1>c:\users\mandrake\documents\prg410\week 03\sopa\sopa\sopa.cpp(131): warning C4566: character represented by universal-character-name '\u2510' cannot be represented in the current code page (1252)
     1>c:\users\mandrake\documents\prg410\week 03\sopa\sopa\sopa.cpp(131): warning C4566: character represented by universal-character-name '\u255C' cannot be represented in the current code page (1252)
     1>c:\users\mandrake\documents\prg410\week 03\sopa\sopa\sopa.cpp(131): warning C4566: character represented by universal-character-name '\u2229' cannot be represented in the current code page (1252)
     1>c:\users\mandrake\documents\prg410\week 03\sopa\sopa\sopa.cpp(131): warning C4566: character represented by universal-character-name '\u2510' cannot be represented in the current code page (1252)
     1>c:\users\mandrake\documents\prg410\week 03\sopa\sopa\sopa.cpp(131): warning C4566: character represented by universal-character-name '\u255C' cannot be represented in the current code page (1252)
     1>c:\users\mandrake\documents\prg410\week 03\sopa\sopa\sopa.cpp(131): warning C4566: character represented by universal-character-name '\u2229' cannot be represented in the current code page (1252)
     1>c:\users\mandrake\documents\prg410\week 03\sopa\sopa\sopa.cpp(131): warning C4566: character represented by universal-character-name '\u2510' cannot be represented in the current code page (1252)
     1>c:\users\mandrake\documents\prg410\week 03\sopa\sopa\sopa.cpp(131): warning C4566: character represented by universal-character-name '\u255C' cannot be represented in the current code page (1252)
     1>c:\users\mandrake\documents\prg410\week 03\sopa\sopa\sopa.cpp(131): warning C4566: character represented by universal-character-name '\u2229' cannot be represented in the current code page (1252)
     1>c:\users\mandrake\documents\prg410\week 03\sopa\sopa\sopa.cpp(131): warning C4566: character represented by universal-character-name '\u2510' cannot be represented in the current code page (1252)
     1>c:\users\mandrake\documents\prg410\week 03\sopa\sopa\sopa.cpp(131): warning C4566: character represented by universal-character-name '\u255C' cannot be represented in the current code page (1252)
     1>c:\users\mandrake\documents\prg410\week 03\sopa\sopa\sopa.cpp(131): warning C4566: character represented by universal-character-name '\u2229' cannot be represented in the current code page (1252)
     1>c:\users\mandrake\documents\prg410\week 03\sopa\sopa\sopa.cpp(131): warning C4566: character represented by universal-character-name '\u2510' cannot be represented in the current code page (1252)
     1>c:\users\mandrake\documents\prg410\week 03\sopa\sopa\sopa.cpp(131): warning C4566: character represented by universal-character-name '\u255C' cannot be represented in the current code page (1252)
     1>c:\users\mandrake\documents\prg410\week 03\sopa\sopa\sopa.cpp(131): warning C4566: character represented by universal-character-name '\u2229' cannot be represented in the current code page (1252)
     1>c:\users\mandrake\documents\prg410\week 03\sopa\sopa\sopa.cpp(131): warning C4566: character represented by universal-character-name '\u2510' cannot be represented in the current code page (1252)
     1>c:\users\mandrake\documents\prg410\week 03\sopa\sopa\sopa.cpp(131): warning C4566: character represented by universal-character-name '\u255C' cannot be represented in the current code page (1252)
     1>c:\users\mandrake\documents\prg410\week 03\sopa\sopa\sopa.cpp(131): warning C4566: character represented by universal-character-name '\u2229' cannot be represented in the current code page (1252)
     1>c:\users\mandrake\documents\prg410\week 03\sopa\sopa\sopa.cpp(131): warning C4566: character represented by universal-character-name '\u2510' cannot be represented in the current code page (1252)
     1>c:\users\mandrake\documents\prg410\week 03\sopa\sopa\sopa.cpp(131): warning C4566: character represented by universal-character-name '\u255C' cannot be represented in the current code page (1252)
     1>c:\users\mandrake\documents\prg410\week 03\sopa\sopa\sopa.cpp(131): warning C4566: character represented by universal-character-name '\u2229' cannot be represented in the current code page (1252)
     1>c:\users\mandrake\documents\prg410\week 03\sopa\sopa\sopa.cpp(131): warning C4566: character represented by universal-character-name '\u2510' cannot be represented in the current code page (1252)
     1>c:\users\mandrake\documents\prg410\week 03\sopa\sopa\sopa.cpp(131): warning C4566: character represented by universal-character-name '\u255C' cannot be represented in the current code page (1252)
     1>c:\users\mandrake\documents\prg410\week 03\sopa\sopa\sopa.cpp(131): warning C4566: character represented by universal-character-name '\u2229' cannot be represented in the current code page (1252)
     1>c:\users\mandrake\documents\prg410\week 03\sopa\sopa\sopa.cpp(131): warning C4566: character represented by universal-character-name '\u2510' cannot be represented in the current code page (1252)
     1>c:\users\mandrake\documents\prg410\week 03\sopa\sopa\sopa.cpp(131): warning C4566: character represented by universal-character-name '\u255C' cannot be represented in the current code page (1252)
     1>c:\users\mandrake\documents\prg410\week 03\sopa\sopa\sopa.cpp(131): warning C4566: character represented by universal-character-name '\u2229' cannot be represented in the current code page (1252)
     1>c:\users\mandrake\documents\prg410\week 03\sopa\sopa\sopa.cpp(131): warning C4566: character represented by universal-character-name '\u2510' cannot be represented in the current code page (1252)
     1>c:\users\mandrake\documents\prg410\week 03\sopa\sopa\sopa.cpp(131): warning C4566: character represented by universal-character-name '\u255C' cannot be represented in the current code page (1252)
     1>c:\users\mandrake\documents\prg410\week 03\sopa\sopa\sopa.cpp(132): warning C4566: character represented by universal-character-name '\u2229' cannot be represented in the current code page (1252)
     1>c:\users\mandrake\documents\prg410\week 03\sopa\sopa\sopa.cpp(132): warning C4566: character represented by universal-character-name '\u2510' cannot be represented in the current code page (1252)
     1>c:\users\mandrake\documents\prg410\week 03\sopa\sopa\sopa.cpp(132): warning C4566: character represented by universal-character-name '\u255C' cannot be represented in the current code page (1252)
     1>c:\users\mandrake\documents\prg410\week 03\sopa\sopa\sopa.cpp(133): warning C4566: character represented by universal-character-name '\u2229' cannot be represented in the current code page (1252)
     1>c:\users\mandrake\documents\prg410\week 03\sopa\sopa\sopa.cpp(133): warning C4566: character represented by universal-character-name '\u2510' cannot be represented in the current code page (1252)
     1>c:\users\mandrake\documents\prg410\week 03\sopa\sopa\sopa.cpp(133): warning C4566: character represented by universal-character-name '\u255C' cannot be represented in the current code page (1252)
     1>c:\users\mandrake\documents\prg410\week 03\sopa\sopa\sopa.cpp(133): warning C4566: character represented by universal-character-name '\u2229' cannot be represented in the current code page (1252)
     1>c:\users\mandrake\documents\prg410\week 03\sopa\sopa\sopa.cpp(133): warning C4566: character represented by universal-character-name '\u2510' cannot be represented in the current code page (1252)
     1>c:\users\mandrake\documents\prg410\week 03\sopa\sopa\sopa.cpp(133): warning C4566: character represented by universal-character-name '\u255C' cannot be represented in the current code page (1252)
     1>c:\users\mandrake\documents\prg410\week 03\sopa\sopa\sopa.cpp(133): warning C4566: character represented by universal-character-name '\u2229' cannot be represented in the current code page (1252)
     1>c:\users\mandrake\documents\prg410\week 03\sopa\sopa\sopa.cpp(133): warning C4566: character represented by universal-character-name '\u2510' cannot be represented in the current code page (1252)
     1>c:\users\mandrake\documents\prg410\week 03\sopa\sopa\sopa.cpp(133): warning C4566: character represented by universal-character-name '\u255C' cannot be represented in the current code page (1252)
     1>c:\users\mandrake\documents\prg410\week 03\sopa\sopa\sopa.cpp(133): warning C4566: character represented by universal-character-name '\u2229' cannot be represented in the current code page (1252)
     1>c:\users\mandrake\documents\prg410\week 03\sopa\sopa\sopa.cpp(133): warning C4566: character represented by universal-character-name '\u2510' cannot be represented in the current code page (1252)
     1>c:\users\mandrake\documents\prg410\week 03\sopa\sopa\sopa.cpp(133): warning C4566: character represented by universal-character-name '\u255C' cannot be represented in the current code page (1252)
     1>c:\users\mandrake\documents\prg410\week 03\sopa\sopa\sopa.cpp(133): warning C4566: character represented by universal-character-name '\u2229' cannot be represented in the current code page (1252)
     1>c:\users\mandrake\documents\prg410\week 03\sopa\sopa\sopa.cpp(133): warning C4566: character represented by universal-character-name '\u2510' cannot be represented in the current code page (1252)
     1>c:\users\mandrake\documents\prg410\week 03\sopa\sopa\sopa.cpp(133): warning C4566: character represented by universal-character-name '\u255C' cannot be represented in the current code page (1252)
     1>c:\users\mandrake\documents\prg410\week 03\sopa\sopa\sopa.cpp(133): warning C4566: character represented by universal-character-name '\u2229' cannot be represented in the current code page (1252)
     1>c:\users\mandrake\documents\prg410\week 03\sopa\sopa\sopa.cpp(133): warning C4566: character represented by universal-character-name '\u2510' cannot be represented in the current code page (1252)
     1>c:\users\mandrake\documents\prg410\week 03\sopa\sopa\sopa.cpp(133): warning C4566: character represented by universal-character-name '\u255C' cannot be represented in the current code page (1252)
     1>c:\users\mandrake\documents\prg410\week 03\sopa\sopa\sopa.cpp(133): warning C4566: character represented by universal-character-name '\u2229' cannot be represented in the current code page (1252)
     1>c:\users\mandrake\documents\prg410\week 03\sopa\sopa\sopa.cpp(133): warning C4566: character represented by universal-character-name '\u2510' cannot be represented in the current code page (1252)
     1>c:\users\mandrake\documents\prg410\week 03\sopa\sopa\sopa.cpp(133): warning C4566: character represented by universal-character-name '\u255C' cannot be represented in the current code page (1252)
     1>c:\users\mandrake\documents\prg410\week 03\sopa\sopa\sopa.cpp(133): warning C4566: character represented by universal-character-name '\u2229' cannot be represented in the current code page (1252)
     1>c:\users\mandrake\documents\prg410\week 03\sopa\sopa\sopa.cpp(133): warning C4566: character represented by universal-character-name '\u2510' cannot be represented in the current code page (1252)
     1>c:\users\mandrake\documents\prg410\week 03\sopa\sopa\sopa.cpp(133): warning C4566: character represented by universal-character-name '\u255C' cannot be represented in the current code page (1252)
     1>c:\users\mandrake\documents\prg410\week 03\sopa\sopa\sopa.cpp(133): warning C4566: character represented by universal-character-name '\u2229' cannot be represented in the current code page (1252)
     1>c:\users\mandrake\documents\prg410\week 03\sopa\sopa\sopa.cpp(133): warning C4566: character represented by universal-character-name '\u2510' cannot be represented in the current code page (1252)
     1>c:\users\mandrake\documents\prg410\week 03\sopa\sopa\sopa.cpp(133): warning C4566: character represented by universal-character-name '\u255C' cannot be represented in the current code page (1252)
     1>c:\users\mandrake\documents\prg410\week 03\sopa\sopa\sopa.cpp(133): warning C4566: character represented by universal-character-name '\u2229' cannot be represented in the current code page (1252)
     1>c:\users\mandrake\documents\prg410\week 03\sopa\sopa\sopa.cpp(133): warning C4566: character represented by universal-character-name '\u2510' cannot be represented in the current code page (1252)
     1>c:\users\mandrake\documents\prg410\week 03\sopa\sopa\sopa.cpp(133): warning C4566: character represented by universal-character-name '\u255C' cannot be represented in the current code page (1252)
     1>c:\users\mandrake\documents\prg410\week 03\sopa\sopa\sopa.cpp(133): warning C4566: character represented by universal-character-name '\u2229' cannot be represented in the current code page (1252)
     1>c:\users\mandrake\documents\prg410\week 03\sopa\sopa\sopa.cpp(133): warning C4566: character represented by universal-character-name '\u2510' cannot be represented in the current code page (1252)
     1>c:\users\mandrake\documents\prg410\week 03\sopa\sopa\sopa.cpp(133): warning C4566: character represented by universal-character-name '\u255C' cannot be represented in the current code page (1252)
     1>c:\users\mandrake\documents\prg410\week 03\sopa\sopa\sopa.cpp(134): warning C4566: character represented by universal-character-name '\u2229' cannot be represented in the current code page (1252)
     1>c:\users\mandrake\documents\prg410\week 03\sopa\sopa\sopa.cpp(134): warning C4566: character represented by universal-character-name '\u2510' cannot be represented in the current code page (1252)
     1>c:\users\mandrake\documents\prg410\week 03\sopa\sopa\sopa.cpp(134): warning C4566: character represented by universal-character-name '\u255C' cannot be represented in the current code page (1252)
     1>c:\users\mandrake\documents\prg410\week 03\sopa\sopa\sopa.cpp(135): warning C4566: character represented by universal-character-name '\u2229' cannot be represented in the current code page (1252)
     1>c:\users\mandrake\documents\prg410\week 03\sopa\sopa\sopa.cpp(135): warning C4566: character represented by universal-character-name '\u2510' cannot be represented in the current code page (1252)
     1>c:\users\mandrake\documents\prg410\week 03\sopa\sopa\sopa.cpp(135): warning C4566: character represented by universal-character-name '\u255C' cannot be represented in the current code page (1252)
     1>c:\users\mandrake\documents\prg410\week 03\sopa\sopa\sopa.cpp(135): warning C4566: character represented by universal-character-name '\u2229' cannot be represented in the current code page (1252)
     1>c:\users\mandrake\documents\prg410\week 03\sopa\sopa\sopa.cpp(135): warning C4566: character represented by universal-character-name '\u2510' cannot be represented in the current code page (1252)
     1>c:\users\mandrake\documents\prg410\week 03\sopa\sopa\sopa.cpp(135): warning C4566: character represented by universal-character-name '\u255C' cannot be represented in the current code page (1252)
     1>c:\users\mandrake\documents\prg410\week 03\sopa\sopa\sopa.cpp(135): warning C4566: character represented by universal-character-name '\u2229' cannot be represented in the current code page (1252)
     1>c:\users\mandrake\documents\prg410\week 03\sopa\sopa\sopa.cpp(135): warning C4566: character represented by universal-character-name '\u2510' cannot be represented in the current code page (1252)
     1>c:\users\mandrake\documents\prg410\week 03\sopa\sopa\sopa.cpp(135): warning C4566: character represented by universal-character-name '\u255C' cannot be represented in the current code page (1252)
     1>c:\users\mandrake\documents\prg410\week 03\sopa\sopa\sopa.cpp(135): warning C4566: character represented by universal-character-name '\u2229' cannot be represented in the current code page (1252)
     1>c:\users\mandrake\documents\prg410\week 03\sopa\sopa\sopa.cpp(135): warning C4566: character represented by universal-character-name '\u2510' cannot be represented in the current code page (1252)
     1>c:\users\mandrake\documents\prg410\week 03\sopa\sopa\sopa.cpp(135): warning C4566: character represented by universal-character-name '\u255C' cannot be represented in the current code page (1252)
     1>c:\users\mandrake\documents\prg410\week 03\sopa\sopa\sopa.cpp(135): warning C4566: character represented by universal-character-name '\u2229' cannot be represented in the current code page (1252)
     1>c:\users\mandrake\documents\prg410\week 03\sopa\sopa\sopa.cpp(135): warning C4566: character represented by universal-character-name '\u2510' cannot be represented in the current code page (1252)
     1>c:\users\mandrake\documents\prg410\week 03\sopa\sopa\sopa.cpp(135): warning C4566: character represented by universal-character-name '\u255C' cannot be represented in the current code page (1252)
     1>c:\users\mandrake\documents\prg410\week 03\sopa\sopa\sopa.cpp(135): warning C4566: character represented by universal-character-name '\u2229' cannot be represented in the current code page (1252)
     1>c:\users\mandrake\documents\prg410\week 03\sopa\sopa\sopa.cpp(135): warning C4566: character represented by universal-character-name '\u2510' cannot be represented in the current code page (1252)
     1>c:\users\mandrake\documents\prg410\week 03\sopa\sopa\sopa.cpp(135): warning C4566: character represented by universal-character-name '\u255C' cannot be represented in the current code page (1252)
     1>c:\users\mandrake\documents\prg410\week 03\sopa\sopa\sopa.cpp(135): warning C4566: character represented by universal-character-name '\u2229' cannot be represented in the current code page (1252)
     1>c:\users\mandrake\documents\prg410\week 03\sopa\sopa\sopa.cpp(135): warning C4566: character represented by universal-character-name '\u2510' cannot be represented in the current code page (1252)
     1>c:\users\mandrake\documents\prg410\week 03\sopa\sopa\sopa.cpp(135): warning C4566: character represented by universal-character-name '\u255C' cannot be represented in the current code page (1252)
     1>c:\users\mandrake\documents\prg410\week 03\sopa\sopa\sopa.cpp(135): warning C4566: character represented by universal-character-name '\u2229' cannot be represented in the current code page (1252)
     1>c:\users\mandrake\documents\prg410\week 03\sopa\sopa\sopa.cpp(135): warning C4566: character represented by universal-character-name '\u2510' cannot be represented in the current code page (1252)
     1>c:\users\mandrake\documents\prg410\week 03\sopa\sopa\sopa.cpp(135): warning C4566: character represented by universal-character-name '\u255C' cannot be represented in the current code page (1252)
     1>c:\users\mandrake\documents\prg410\week 03\sopa\sopa\sopa.cpp(135): warning C4566: character represented by universal-character-name '\u2229' cannot be represented in the current code page (1252)
     1>c:\users\mandrake\documents\prg410\week 03\sopa\sopa\sopa.cpp(135): warning C4566: character represented by universal-character-name '\u2510' cannot be represented in the current code page (1252)
     1>c:\users\mandrake\documents\prg410\week 03\sopa\sopa\sopa.cpp(135): warning C4566: character represented by universal-character-name '\u255C' cannot be represented in the current code page (1252)
     1>c:\users\mandrake\documents\prg410\week 03\sopa\sopa\sopa.cpp(135): warning C4566: character represented by universal-character-name '\u2229' cannot be represented in the current code page (1252)
     1>c:\users\mandrake\documents\prg410\week 03\sopa\sopa\sopa.cpp(135): warning C4566: character represented by universal-character-name '\u2510' cannot be represented in the current code page (1252)
     1>c:\users\mandrake\documents\prg410\week 03\sopa\sopa\sopa.cpp(135): warning C4566: character represented by universal-character-name '\u255C' cannot be represented in the current code page (1252)
     1>c:\users\mandrake\documents\prg410\week 03\sopa\sopa\sopa.cpp(135): warning C4566: character represented by universal-character-name '\u2229' cannot be represented in the current code page (1252)
     1>c:\users\mandrake\documents\prg410\week 03\sopa\sopa\sopa.cpp(135): warning C4566: character represented by universal-character-name '\u2510' cannot be represented in the current code page (1252)
     1>c:\users\mandrake\documents\prg410\week 03\sopa\sopa\sopa.cpp(135): warning C4566: character represented by universal-character-name '\u255C' cannot be represented in the current code page (1252)
     1>c:\users\mandrake\documents\prg410\week 03\sopa\sopa\sopa.cpp(136): warning C4566: character represented by universal-character-name '\u2229' cannot be represented in the current code page (1252)
     1>c:\users\mandrake\documents\prg410\week 03\sopa\sopa\sopa.cpp(136): warning C4566: character represented by universal-character-name '\u2510' cannot be represented in the current code page (1252)
     1>c:\users\mandrake\documents\prg410\week 03\sopa\sopa\sopa.cpp(136): warning C4566: character represented by universal-character-name '\u255C' cannot be represented in the current code page (1252)
     1>c:\users\mandrake\documents\prg410\week 03\sopa\sopa\sopa.cpp(137): warning C4566: character represented by universal-character-name '\u2229' cannot be represented in the current code page (1252)
     1>c:\users\mandrake\documents\prg410\week 03\sopa\sopa\sopa.cpp(137): warning C4566: character represented by universal-character-name '\u2510' cannot be represented in the current code page (1252)
     1>c:\users\mandrake\documents\prg410\week 03\sopa\sopa\sopa.cpp(137): warning C4566: character represented by universal-character-name '\u255C' cannot be represented in the current code page (1252)
     1>c:\users\mandrake\documents\prg410\week 03\sopa\sopa\sopa.cpp(137): warning C4566: character represented by universal-character-name '\u2229' cannot be represented in the current code page (1252)
     1>c:\users\mandrake\documents\prg410\week 03\sopa\sopa\sopa.cpp(137): warning C4566: character represented by universal-character-name '\u2510' cannot be represented in the current code page (1252)
     1>c:\users\mandrake\documents\prg410\week 03\sopa\sopa\sopa.cpp(137): warning C4566: character represented by universal-character-name '\u255C' cannot be represented in the current code page (1252)
     1>c:\users\mandrake\documents\prg410\week 03\sopa\sopa\sopa.cpp(137): warning C4566: character represented by universal-character-name '\u2229' cannot be represented in the current code page (1252)
     1>c:\users\mandrake\documents\prg410\week 03\sopa\sopa\sopa.cpp(137): warning C4566: character represented by universal-character-name '\u2510' cannot be represented in the current code page (1252)
     1>c:\users\mandrake\documents\prg410\week 03\sopa\sopa\sopa.cpp(137): warning C4566: character represented by universal-character-name '\u255C' cannot be represented in the current code page (1252)
     1>c:\users\mandrake\documents\prg410\week 03\sopa\sopa\sopa.cpp(137): warning C4566: character represented by universal-character-name '\u2229' cannot be represented in the current code page (1252)
     1>c:\users\mandrake\documents\prg410\week 03\sopa\sopa\sopa.cpp(137): warning C4566: character represented by universal-character-name '\u2510' cannot be represented in the current code page (1252)
     1>c:\users\mandrake\documents\prg410\week 03\sopa\sopa\sopa.cpp(137): warning C4566: character represented by universal-character-name '\u255C' cannot be represented in the current code page (1252)
     1>c:\users\mandrake\documents\prg410\week 03\sopa\sopa\sopa.cpp(137): warning C4566: character represented by universal-character-name '\u2229' cannot be represented in the current code page (1252)
     1>c:\users\mandrake\documents\prg410\week 03\sopa\sopa\sopa.cpp(137): warning C4566: character represented by universal-character-name '\u2510' cannot be represented in the current code page (1252)
     1>c:\users\mandrake\documents\prg410\week 03\sopa\sopa\sopa.cpp(137): warning C4566: character represented by universal-character-name '\u255C' cannot be represented in the current code page (1252)
     1>c:\users\mandrake\documents\prg410\week 03\sopa\sopa\sopa.cpp(137): warning C4566: character represented by universal-character-name '\u2229' cannot be represented in the current code page (1252)
     1>c:\users\mandrake\documents\prg410\week 03\sopa\sopa\sopa.cpp(137): warning C4566: character represented by universal-character-name '\u2510' cannot be represented in the current code page (1252)
     1>c:\users\mandrake\documents\prg410\week 03\sopa\sopa\sopa.cpp(137): warning C4566: character represented by universal-character-name '\u255C' cannot be represented in the current code page (1252)
     1>c:\users\mandrake\documents\prg410\week 03\sopa\sopa\sopa.cpp(137): warning C4566: character represented by universal-character-name '\u2229' cannot be represented in the current code page (1252)
     1>c:\users\mandrake\documents\prg410\week 03\sopa\sopa\sopa.cpp(137): warning C4566: character represented by universal-character-name '\u2510' cannot be represented in the current code page (1252)
     1>c:\users\mandrake\documents\prg410\week 03\sopa\sopa\sopa.cpp(137): warning C4566: character represented by universal-character-name '\u255C' cannot be represented in the current code page (1252)
     1>c:\users\mandrake\documents\prg410\week 03\sopa\sopa\sopa.cpp(137): warning C4566: character represented by universal-character-name '\u2229' cannot be represented in the current code page (1252)
     1>c:\users\mandrake\documents\prg410\week 03\sopa\sopa\sopa.cpp(137): warning C4566: character represented by universal-character-name '\u2510' cannot be represented in the current code page (1252)
     1>c:\users\mandrake\documents\prg410\week 03\sopa\sopa\sopa.cpp(137): warning C4566: character represented by universal-character-name '\u255C' cannot be represented in the current code page (1252)
     1>c:\users\mandrake\documents\prg410\week 03\sopa\sopa\sopa.cpp(137): warning C4566: character represented by universal-character-name '\u2229' cannot be represented in the current code page (1252)
     1>c:\users\mandrake\documents\prg410\week 03\sopa\sopa\sopa.cpp(137): warning C4566: character represented by universal-character-name '\u2510' cannot be represented in the current code page (1252)
     1>c:\users\mandrake\documents\prg410\week 03\sopa\sopa\sopa.cpp(137): warning C4566: character represented by universal-character-name '\u255C' cannot be represented in the current code page (1252)
     1>c:\users\mandrake\documents\prg410\week 03\sopa\sopa\sopa.cpp(137): warning C4566: character represented by universal-character-name '\u2229' cannot be represented in the current code page (1252)
     1>c:\users\mandrake\documents\prg410\week 03\sopa\sopa\sopa.cpp(137): warning C4566: character represented by universal-character-name '\u2510' cannot be represented in the current code page (1252)
     1>c:\users\mandrake\documents\prg410\week 03\sopa\sopa\sopa.cpp(137): warning C4566: character represented by universal-character-name '\u255C' cannot be represented in the current code page (1252)
     1>c:\users\mandrake\documents\prg410\week 03\sopa\sopa\sopa.cpp(137): warning C4566: character represented by universal-character-name '\u2229' cannot be represented in the current code page (1252)
     1>c:\users\mandrake\documents\prg410\week 03\sopa\sopa\sopa.cpp(137): warning C4566: character represented by universal-character-name '\u2510' cannot be represented in the current code page (1252)
     1>c:\users\mandrake\documents\prg410\week 03\sopa\sopa\sopa.cpp(137): warning C4566: character represented by universal-character-name '\u255C' cannot be represented in the current code page (1252)
     1>c:\users\mandrake\documents\prg410\week 03\sopa\sopa\sopa.cpp(138): warning C4566: character represented by universal-character-name '\u2229' cannot be represented in the current code page (1252)
     1>c:\users\mandrake\documents\prg410\week 03\sopa\sopa\sopa.cpp(138): warning C4566: character represented by universal-character-name '\u2510' cannot be represented in the current code page (1252)
     1>c:\users\mandrake\documents\prg410\week 03\sopa\sopa\sopa.cpp(138): warning C4566: character represented by universal-character-name '\u255C' cannot be represented in the current code page (1252)
     1>c:\users\mandrake\documents\prg410\week 03\sopa\sopa\sopa.cpp(139): warning C4566: character represented by universal-character-name '\u2229' cannot be represented in the current code page (1252)
     1>c:\users\mandrake\documents\prg410\week 03\sopa\sopa\sopa.cpp(139): warning C4566: character represented by universal-character-name '\u2510' cannot be represented in the current code page (1252)
     1>c:\users\mandrake\documents\prg410\week 03\sopa\sopa\sopa.cpp(139): warning C4566: character represented by universal-character-name '\u255C' cannot be represented in the current code page (1252)
     1>c:\users\mandrake\documents\prg410\week 03\sopa\sopa\sopa.cpp(139): warning C4566: character represented by universal-character-name '\u2229' cannot be represented in the current code page (1252)
     1>c:\users\mandrake\documents\prg410\week 03\sopa\sopa\sopa.cpp(139): warning C4566: character represented by universal-character-name '\u2510' cannot be represented in the current code page (1252)
     1>c:\users\mandrake\documents\prg410\week 03\sopa\sopa\sopa.cpp(139): warning C4566: character represented by universal-character-name '\u255C' cannot be represented in the current code page (1252)
     1>c:\users\mandrake\documents\prg410\week 03\sopa\sopa\sopa.cpp(139): warning C4566: character represented by universal-character-name '\u2229' cannot be represented in the current code page (1252)
     1>c:\users\mandrake\documents\prg410\week 03\sopa\sopa\sopa.cpp(139): warning C4566: character represented by universal-character-name '\u2510' cannot be represented in the current code page (1252)
     1>c:\users\mandrake\documents\prg410\week 03\sopa\sopa\sopa.cpp(139): warning C4566: character represented by universal-character-name '\u255C' cannot be represented in the current code page (1252)
     1>c:\users\mandrake\documents\prg410\week 03\sopa\sopa\sopa.cpp(139): warning C4566: character represented by universal-character-name '\u2229' cannot be represented in the current code page (1252)
     1>c:\users\mandrake\documents\prg410\week 03\sopa\sopa\sopa.cpp(139): warning C4566: character represented by universal-character-name '\u2510' cannot be represented in the current code page (1252)
     1>c:\users\mandrake\documents\prg410\week 03\sopa\sopa\sopa.cpp(139): warning C4566: character represented by universal-character-name '\u255C' cannot be represented in the current code page (1252)
     1>c:\users\mandrake\documents\prg410\week 03\sopa\sopa\sopa.cpp(139): warning C4566: character represented by universal-character-name '\u2229' cannot be represented in the current code page (1252)
     1>c:\users\mandrake\documents\prg410\week 03\sopa\sopa\sopa.cpp(139): warning C4566: character represented by universal-character-name '\u2510' cannot be represented in the current code page (1252)
     1>c:\users\mandrake\documents\prg410\week 03\sopa\sopa\sopa.cpp(139): warning C4566: character represented by universal-character-name '\u255C' cannot be represented in the current code page (1252)
     1>c:\users\mandrake\documents\prg410\week 03\sopa\sopa\sopa.cpp(139): warning C4566: character represented by universal-character-name '\u2229' cannot be represented in the current code page (1252)
     1>c:\users\mandrake\documents\prg410\week 03\sopa\sopa\sopa.cpp(139): warning C4566: character represented by universal-character-name '\u2510' cannot be represented in the current code page (1252)
     1>c:\users\mandrake\documents\prg410\week 03\sopa\sopa\sopa.cpp(139): warning C4566: character represented by universal-character-name '\u255C' cannot be represented in the current code page (1252)
     1>c:\users\mandrake\documents\prg410\week 03\sopa\sopa\sopa.cpp(139): warning C4566: character represented by universal-character-name '\u2229' cannot be represented in the current code page (1252)
     1>c:\users\mandrake\documents\prg410\week 03\sopa\sopa\sopa.cpp(139): warning C4566: character represented by universal-character-name '\u2510' cannot be represented in the current code page (1252)
     1>c:\users\mandrake\documents\prg410\week 03\sopa\sopa\sopa.cpp(139): warning C4566: character represented by universal-character-name '\u255C' cannot be represented in the current code page (1252)
     1>c:\users\mandrake\documents\prg410\week 03\sopa\sopa\sopa.cpp(139): warning C4566: character represented by universal-character-name '\u2229' cannot be represented in the current code page (1252)
     1>c:\users\mandrake\documents\prg410\week 03\sopa\sopa\sopa.cpp(139): warning C4566: character represented by universal-character-name '\u2510' cannot be represented in the current code page (1252)
     1>c:\users\mandrake\documents\prg410\week 03\sopa\sopa\sopa.cpp(139): warning C4566: character represented by universal-character-name '\u255C' cannot be represented in the current code page (1252)
     1>c:\users\mandrake\documents\prg410\week 03\sopa\sopa\sopa.cpp(139): warning C4566: character represented by universal-character-name '\u2229' cannot be represented in the current code page (1252)
     1>c:\users\mandrake\documents\prg410\week 03\sopa\sopa\sopa.cpp(139): warning C4566: character represented by universal-character-name '\u2510' cannot be represented in the current code page (1252)
     1>c:\users\mandrake\documents\prg410\week 03\sopa\sopa\sopa.cpp(139): warning C4566: character represented by universal-character-name '\u255C' cannot be represented in the current code page (1252)
     1>c:\users\mandrake\documents\prg410\week 03\sopa\sopa\sopa.cpp(139): warning C4566: character represented by universal-character-name '\u2229' cannot be represented in the current code page (1252)
     1>c:\users\mandrake\documents\prg410\week 03\sopa\sopa\sopa.cpp(139): warning C4566: character represented by universal-character-name '\u2510' cannot be represented in the current code page (1252)
     1>c:\users\mandrake\documents\prg410\week 03\sopa\sopa\sopa.cpp(139): warning C4566: character represented by universal-character-name '\u255C' cannot be represented in the current code page (1252)
     1>c:\users\mandrake\documents\prg410\week 03\sopa\sopa\sopa.cpp(139): warning C4566: character represented by universal-character-name '\u2229' cannot be represented in the current code page (1252)
     1>c:\users\mandrake\documents\prg410\week 03\sopa\sopa\sopa.cpp(139): warning C4566: character represented by universal-character-name '\u2510' cannot be represented in the current code page (1252)
     1>c:\users\mandrake\documents\prg410\week 03\sopa\sopa\sopa.cpp(139): warning C4566: character represented by universal-character-name '\u255C' cannot be represented in the current code page (1252)
     1>c:\users\mandrake\documents\prg410\week 03\sopa\sopa\sopa.cpp(140): warning C4566: character represented by universal-character-name '\u2229' cannot be represented in the current code page (1252)
     1>c:\users\mandrake\documents\prg410\week 03\sopa\sopa\sopa.cpp(140): warning C4566: character represented by universal-character-name '\u2510' cannot be represented in the current code page (1252)
     1>c:\users\mandrake\documents\prg410\week 03\sopa\sopa\sopa.cpp(140): warning C4566: character represented by universal-character-name '\u255C' cannot be represented in the current code page (1252)
     1>c:\users\mandrake\documents\prg410\week 03\sopa\sopa\sopa.cpp(141): warning C4566: character represented by universal-character-name '\u2229' cannot be represented in the current code page (1252)
     1>c:\users\mandrake\documents\prg410\week 03\sopa\sopa\sopa.cpp(141): warning C4566: character represented by universal-character-name '\u2510' cannot be represented in the current code page (1252)
     1>c:\users\mandrake\documents\prg410\week 03\sopa\sopa\sopa.cpp(141): warning C4566: character represented by universal-character-name '\u255C' cannot be represented in the current code page (1252)
     1>c:\users\mandrake\documents\prg410\week 03\sopa\sopa\sopa.cpp(141): warning C4566: character represented by universal-character-name '\u2229' cannot be represented in the current code page (1252)
     1>c:\users\mandrake\documents\prg410\week 03\sopa\sopa\sopa.cpp(141): warning C4566: character represented by universal-character-name '\u2510' cannot be represented in the current code page (1252)
     1>c:\users\mandrake\documents\prg410\week 03\sopa\sopa\sopa.cpp(141): warning C4566: character represented by universal-character-name '\u255C' cannot be represented in the current code page (1252)
     1>c:\users\mandrake\documents\prg410\week 03\sopa\sopa\sopa.cpp(141): warning C4566: character represented by universal-character-name '\u2229' cannot be represented in the current code page (1252)
     1>c:\users\mandrake\documents\prg410\week 03\sopa\sopa\sopa.cpp(141): warning C4566: character represented by universal-character-name '\u2510' cannot be represented in the current code page (1252)
     1>c:\users\mandrake\documents\prg410\week 03\sopa\sopa\sopa.cpp(141): warning C4566: character represented by universal-character-name '\u255C' cannot be represented in the current code page (1252)
     1>c:\users\mandrake\documents\prg410\week 03\sopa\sopa\sopa.cpp(141): warning C4566: character represented by universal-character-name '\u2229' cannot be represented in the current code page (1252)
     1>c:\users\mandrake\documents\prg410\week 03\sopa\sopa\sopa.cpp(141): warning C4566: character represented by universal-character-name '\u2510' cannot be represented in the current code page (1252)
     1>c:\users\mandrake\documents\prg410\week 03\sopa\sopa\sopa.cpp(141): warning C4566: character represented by universal-character-name '\u255C' cannot be represented in the current code page (1252)
     1>c:\users\mandrake\documents\prg410\week 03\sopa\sopa\sopa.cpp(141): warning C4566: character represented by universal-character-name '\u2229' cannot be represented in the current code page (1252)
     1>c:\users\mandrake\documents\prg410\week 03\sopa\sopa\sopa.cpp(141): warning C4566: character represented by universal-character-name '\u2510' cannot be represented in the current code page (1252)
     1>c:\users\mandrake\documents\prg410\week 03\sopa\sopa\sopa.cpp(141): warning C4566: character represented by universal-character-name '\u255C' cannot be represented in the current code page (1252)
     1>c:\users\mandrake\documents\prg410\week 03\sopa\sopa\sopa.cpp(141): warning C4566: character represented by universal-character-name '\u2229' cannot be represented in the current code page (1252)
     1>c:\users\mandrake\documents\prg410\week 03\sopa\sopa\sopa.cpp(141): warning C4566: character represented by universal-character-name '\u2510' cannot be represented in the current code page (1252)
     1>c:\users\mandrake\documents\prg410\week 03\sopa\sopa\sopa.cpp(141): warning C4566: character represented by universal-character-name '\u255C' cannot be represented in the current code page (1252)
     1>c:\users\mandrake\documents\prg410\week 03\sopa\sopa\sopa.cpp(141): warning C4566: character represented by universal-character-name '\u2229' cannot be represented in the current code page (1252)
     1>c:\users\mandrake\documents\prg410\week 03\sopa\sopa\sopa.cpp(141): warning C4566: character represented by universal-character-name '\u2510' cannot be represented in the current code page (1252)
     1>c:\users\mandrake\documents\prg410\week 03\sopa\sopa\sopa.cpp(141): warning C4566: character represented by universal-character-name '\u255C' cannot be represented in the current code page (1252)
     1>c:\users\mandrake\documents\prg410\week 03\sopa\sopa\sopa.cpp(141): warning C4566: character represented by universal-character-name '\u2229' cannot be represented in the current code page (1252)
     1>c:\users\mandrake\documents\prg410\week 03\sopa\sopa\sopa.cpp(141): warning C4566: character represented by universal-character-name '\u2510' cannot be represented in the current code page (1252)
     1>c:\users\mandrake\documents\prg410\week 03\sopa\sopa\sopa.cpp(141): warning C4566: character represented by universal-character-name '\u255C' cannot be represented in the current code page (1252)
     1>c:\users\mandrake\documents\prg410\week 03\sopa\sopa\sopa.cpp(141): warning C4566: character represented by universal-character-name '\u2229' cannot be represented in the current code page (1252)
     1>c:\users\mandrake\documents\prg410\week 03\sopa\sopa\sopa.cpp(141): warning C4566: character represented by universal-character-name '\u2510' cannot be represented in the current code page (1252)
     1>c:\users\mandrake\documents\prg410\week 03\sopa\sopa\sopa.cpp(141): warning C4566: character represented by universal-character-name '\u255C' cannot be represented in the current code page (1252)
     1>c:\users\mandrake\documents\prg410\week 03\sopa\sopa\sopa.cpp(141): warning C4566: character represented by universal-character-name '\u2229' cannot be represented in the current code page (1252)
     1>c:\users\mandrake\documents\prg410\week 03\sopa\sopa\sopa.cpp(141): warning C4566: character represented by universal-character-name '\u2510' cannot be represented in the current code page (1252)
     1>c:\users\mandrake\documents\prg410\week 03\sopa\sopa\sopa.cpp(141): warning C4566: character represented by universal-character-name '\u255C' cannot be represented in the current code page (1252)
     1>c:\users\mandrake\documents\prg410\week 03\sopa\sopa\sopa.cpp(141): warning C4566: character represented by universal-character-name '\u2229' cannot be represented in the current code page (1252)
     1>c:\users\mandrake\documents\prg410\week 03\sopa\sopa\sopa.cpp(141): warning C4566: character represented by universal-character-name '\u2510' cannot be represented in the current code page (1252)
     1>c:\users\mandrake\documents\prg410\week 03\sopa\sopa\sopa.cpp(141): warning C4566: character represented by universal-character-name '\u255C' cannot be represented in the current code page (1252)
     1>c:\users\mandrake\documents\prg410\week 03\sopa\sopa\sopa.cpp(142): warning C4566: character represented by universal-character-name '\u2229' cannot be represented in the current code page (1252)
     1>c:\users\mandrake\documents\prg410\week 03\sopa\sopa\sopa.cpp(142): warning C4566: character represented by universal-character-name '\u2510' cannot be represented in the current code page (1252)
     1>c:\users\mandrake\documents\prg410\week 03\sopa\sopa\sopa.cpp(142): warning C4566: character represented by universal-character-name '\u255C' cannot be represented in the current code page (1252)
     1>c:\users\mandrake\documents\prg410\week 03\sopa\sopa\sopa.cpp(143): warning C4566: character represented by universal-character-name '\u2229' cannot be represented in the current code page (1252)
     1>c:\users\mandrake\documents\prg410\week 03\sopa\sopa\sopa.cpp(143): warning C4566: character represented by universal-character-name '\u2510' cannot be represented in the current code page (1252)
     1>c:\users\mandrake\documents\prg410\week 03\sopa\sopa\sopa.cpp(143): warning C4566: character represented by universal-character-name '\u255C' cannot be represented in the current code page (1252)
     1>c:\users\mandrake\documents\prg410\week 03\sopa\sopa\sopa.cpp(143): warning C4566: character represented by universal-character-name '\u2229' cannot be represented in the current code page (1252)
     1>c:\users\mandrake\documents\prg410\week 03\sopa\sopa\sopa.cpp(143): warning C4566: character represented by universal-character-name '\u2510' cannot be represented in the current code page (1252)
     1>c:\users\mandrake\documents\prg410\week 03\sopa\sopa\sopa.cpp(143): warning C4566: character represented by universal-character-name '\u255C' cannot be represented in the current code page (1252)
     1>c:\users\mandrake\documents\prg410\week 03\sopa\sopa\sopa.cpp(143): warning C4566: character represented by universal-character-name '\u2229' cannot be represented in the current code page (1252)
     1>c:\users\mandrake\documents\prg410\week 03\sopa\sopa\sopa.cpp(143): warning C4566: character represented by universal-character-name '\u2510' cannot be represented in the current code page (1252)
     1>c:\users\mandrake\documents\prg410\week 03\sopa\sopa\sopa.cpp(143): warning C4566: character represented by universal-character-name '\u255C' cannot be represented in the current code page (1252)
     1>c:\users\mandrake\documents\prg410\week 03\sopa\sopa\sopa.cpp(143): warning C4566: character represented by universal-character-name '\u2229' cannot be represented in the current code page (1252)
     1>c:\users\mandrake\documents\prg410\week 03\sopa\sopa\sopa.cpp(143): warning C4566: character represented by universal-character-name '\u2510' cannot be represented in the current code page (1252)
     1>c:\users\mandrake\documents\prg410\week 03\sopa\sopa\sopa.cpp(143): warning C4566: character represented by universal-character-name '\u255C' cannot be represented in the current code page (1252)
     1>c:\users\mandrake\documents\prg410\week 03\sopa\sopa\sopa.cpp(143): warning C4566: character represented by universal-character-name '\u2229' cannot be represented in the current code page (1252)
     1>c:\users\mandrake\documents\prg410\week 03\sopa\sopa\sopa.cpp(143): warning C4566: character represented by universal-character-name '\u2510' cannot be represented in the current code page (1252)
     1>c:\users\mandrake\documents\prg410\week 03\sopa\sopa\sopa.cpp(143): warning C4566: character represented by universal-character-name '\u255C' cannot be represented in the current code page (1252)
     1>c:\users\mandrake\documents\prg410\week 03\sopa\sopa\sopa.cpp(143): warning C4566: character represented by universal-character-name '\u2229' cannot be represented in the current code page (1252)
     1>c:\users\mandrake\documents\prg410\week 03\sopa\sopa\sopa.cpp(143): warning C4566: character represented by universal-character-name '\u2510' cannot be represented in the current code page (1252)
     1>c:\users\mandrake\documents\prg410\week 03\sopa\sopa\sopa.cpp(143): warning C4566: character represented by universal-character-name '\u255C' cannot be represented in the current code page (1252)
     1>c:\users\mandrake\documents\prg410\week 03\sopa\sopa\sopa.cpp(143): warning C4566: character represented by universal-character-name '\u2229' cannot be represented in the current code page (1252)
     1>c:\users\mandrake\documents\prg410\week 03\sopa\sopa\sopa.cpp(143): warning C4566: character represented by universal-character-name '\u2510' cannot be represented in the current code page (1252)
     1>c:\users\mandrake\documents\prg410\week 03\sopa\sopa\sopa.cpp(143): warning C4566: character represented by universal-character-name '\u255C' cannot be represented in the current code page (1252)
     1>c:\users\mandrake\documents\prg410\week 03\sopa\sopa\sopa.cpp(143): warning C4566: character represented by universal-character-name '\u2229' cannot be represented in the current code page (1252)
     1>c:\users\mandrake\documents\prg410\week 03\sopa\sopa\sopa.cpp(143): warning C4566: character represented by universal-character-name '\u2510' cannot be represented in the current code page (1252)
     1>c:\users\mandrake\documents\prg410\week 03\sopa\sopa\sopa.cpp(143): warning C4566: character represented by universal-character-name '\u255C' cannot be represented in the current code page (1252)
     1>c:\users\mandrake\documents\prg410\week 03\sopa\sopa\sopa.cpp(143): warning C4566: character represented by universal-character-name '\u2229' cannot be represented in the current code page (1252)
     1>c:\users\mandrake\documents\prg410\week 03\sopa\sopa\sopa.cpp(143): warning C4566: character represented by universal-character-name '\u2510' cannot be represented in the current code page (1252)
     1>c:\users\mandrake\documents\prg410\week 03\sopa\sopa\sopa.cpp(143): warning C4566: character represented by universal-character-name '\u255C' cannot be represented in the current code page (1252)
     1>c:\users\mandrake\documents\prg410\week 03\sopa\sopa\sopa.cpp(143): warning C4566: character represented by universal-character-name '\u2229' cannot be represented in the current code page (1252)
     1>c:\users\mandrake\documents\prg410\week 03\sopa\sopa\sopa.cpp(143): warning C4566: character represented by universal-character-name '\u2510' cannot be represented in the current code page (1252)
     1>c:\users\mandrake\documents\prg410\week 03\sopa\sopa\sopa.cpp(143): warning C4566: character represented by universal-character-name '\u255C' cannot be represented in the current code page (1252)
     1>c:\users\mandrake\documents\prg410\week 03\sopa\sopa\sopa.cpp(143): warning C4566: character represented by universal-character-name '\u2229' cannot be represented in the current code page (1252)
     1>c:\users\mandrake\documents\prg410\week 03\sopa\sopa\sopa.cpp(143): warning C4566: character represented by universal-character-name '\u2510' cannot be represented in the current code page (1252)
     1>c:\users\mandrake\documents\prg410\week 03\sopa\sopa\sopa.cpp(143): warning C4566: character represented by universal-character-name '\u255C' cannot be represented in the current code page (1252)
     1>c:\users\mandrake\documents\prg410\week 03\sopa\sopa\sopa.cpp(144): warning C4566: character represented by universal-character-name '\u2229' cannot be represented in the current code page (1252)
     1>c:\users\mandrake\documents\prg410\week 03\sopa\sopa\sopa.cpp(144): warning C4566: character represented by universal-character-name '\u2510' cannot be represented in the current code page (1252)
     1>c:\users\mandrake\documents\prg410\week 03\sopa\sopa\sopa.cpp(144): warning C4566: character represented by universal-character-name '\u255C' cannot be represented in the current code page (1252)
     1>c:\users\mandrake\documents\prg410\week 03\sopa\sopa\sopa.cpp(145): warning C4566: character represented by universal-character-name '\u2229' cannot be represented in the current code page (1252)
     1>c:\users\mandrake\documents\prg410\week 03\sopa\sopa\sopa.cpp(145): warning C4566: character represented by universal-character-name '\u2510' cannot be represented in the current code page (1252)
     1>c:\users\mandrake\documents\prg410\week 03\sopa\sopa\sopa.cpp(145): warning C4566: character represented by universal-character-name '\u255C' cannot be represented in the current code page (1252)
     1>c:\users\mandrake\documents\prg410\week 03\sopa\sopa\sopa.cpp(145): warning C4566: character represented by universal-character-name '\u2229' cannot be represented in the current code page (1252)
     1>c:\users\mandrake\documents\prg410\week 03\sopa\sopa\sopa.cpp(145): warning C4566: character represented by universal-character-name '\u2510' cannot be represented in the current code page (1252)
     1>c:\users\mandrake\documents\prg410\week 03\sopa\sopa\sopa.cpp(145): warning C4566: character represented by universal-character-name '\u255C' cannot be represented in the current code page (1252)
     1>c:\users\mandrake\documents\prg410\week 03\sopa\sopa\sopa.cpp(145): warning C4566: character represented by universal-character-name '\u2229' cannot be represented in the current code page (1252)
     1>c:\users\mandrake\documents\prg410\week 03\sopa\sopa\sopa.cpp(145): warning C4566: character represented by universal-character-name '\u2510' cannot be represented in the current code page (1252)
     1>c:\users\mandrake\documents\prg410\week 03\sopa\sopa\sopa.cpp(145): warning C4566: character represented by universal-character-name '\u255C' cannot be represented in the current code page (1252)
     1>c:\users\mandrake\documents\prg410\week 03\sopa\sopa\sopa.cpp(145): warning C4566: character represented by universal-character-name '\u2229' cannot be represented in the current code page (1252)
     1>c:\users\mandrake\documents\prg410\week 03\sopa\sopa\sopa.cpp(145): warning C4566: character represented by universal-character-name '\u2510' cannot be represented in the current code page (1252)
     1>c:\users\mandrake\documents\prg410\week 03\sopa\sopa\sopa.cpp(145): warning C4566: character represented by universal-character-name '\u255C' cannot be represented in the current code page (1252)
     1>c:\users\mandrake\documents\prg410\week 03\sopa\sopa\sopa.cpp(145): warning C4566: character represented by universal-character-name '\u2229' cannot be represented in the current code page (1252)
     1>c:\users\mandrake\documents\prg410\week 03\sopa\sopa\sopa.cpp(145): warning C4566: character represented by universal-character-name '\u2510' cannot be represented in the current code page (1252)
     1>c:\users\mandrake\documents\prg410\week 03\sopa\sopa\sopa.cpp(145): warning C4566: character represented by universal-character-name '\u255C' cannot be represented in the current code page (1252)
     1>c:\users\mandrake\documents\prg410\week 03\sopa\sopa\sopa.cpp(145): warning C4566: character represented by universal-character-name '\u2229' cannot be represented in the current code page (1252)
     1>c:\users\mandrake\documents\prg410\week 03\sopa\sopa\sopa.cpp(145): warning C4566: character represented by universal-character-name '\u2510' cannot be represented in the current code page (1252)
     1>c:\users\mandrake\documents\prg410\week 03\sopa\sopa\sopa.cpp(145): warning C4566: character represented by universal-character-name '\u255C' cannot be represented in the current code page (1252)
     1>c:\users\mandrake\documents\prg410\week 03\sopa\sopa\sopa.cpp(145): warning C4566: character represented by universal-character-name '\u2229' cannot be represented in the current code page (1252)
     1>c:\users\mandrake\documents\prg410\week 03\sopa\sopa\sopa.cpp(145): warning C4566: character represented by universal-character-name '\u2510' cannot be represented in the current code page (1252)
     1>c:\users\mandrake\documents\prg410\week 03\sopa\sopa\sopa.cpp(145): warning C4566: character represented by universal-character-name '\u255C' cannot be represented in the current code page (1252)
     1>c:\users\mandrake\documents\prg410\week 03\sopa\sopa\sopa.cpp(145): warning C4566: character represented by universal-character-name '\u2229' cannot be represented in the current code page (1252)
     1>c:\users\mandrake\documents\prg410\week 03\sopa\sopa\sopa.cpp(145): warning C4566: character represented by universal-character-name '\u2510' cannot be represented in the current code page (1252)
     1>c:\users\mandrake\documents\prg410\week 03\sopa\sopa\sopa.cpp(145): warning C4566: character represented by universal-character-name '\u255C' cannot be represented in the current code page (1252)
     1>c:\users\mandrake\documents\prg410\week 03\sopa\sopa\sopa.cpp(145): warning C4566: character represented by universal-character-name '\u2229' cannot be represented in the current code page (1252)
     1>c:\users\mandrake\documents\prg410\week 03\sopa\sopa\sopa.cpp(145): warning C4566: character represented by universal-character-name '\u2510' cannot be represented in the current code page (1252)
     1>c:\users\mandrake\documents\prg410\week 03\sopa\sopa\sopa.cpp(145): warning C4566: character represented by universal-character-name '\u255C' cannot be represented in the current code page (1252)
     1>c:\users\mandrake\documents\prg410\week 03\sopa\sopa\sopa.cpp(145): warning C4566: character represented by universal-character-name '\u2229' cannot be represented in the current code page (1252)
     1>c:\users\mandrake\documents\prg410\week 03\sopa\sopa\sopa.cpp(145): warning C4566: character represented by universal-character-name '\u2510' cannot be represented in the current code page (1252)
     1>c:\users\mandrake\documents\prg410\week 03\sopa\sopa\sopa.cpp(145): warning C4566: character represented by universal-character-name '\u255C' cannot be represented in the current code page (1252)
     1>c:\users\mandrake\documents\prg410\week 03\sopa\sopa\sopa.cpp(145): warning C4566: character represented by universal-character-name '\u2229' cannot be represented in the current code page (1252)
     1>c:\users\mandrake\documents\prg410\week 03\sopa\sopa\sopa.cpp(145): warning C4566: character represented by universal-character-name '\u2510' cannot be represented in the current code page (1252)
     1>c:\users\mandrake\documents\prg410\week 03\sopa\sopa\sopa.cpp(145): warning C4566: character represented by universal-character-name '\u255C' cannot be represented in the current code page (1252)
     1>c:\users\mandrake\documents\prg410\week 03\sopa\sopa\sopa.cpp(192): warning C4244: '=' : conversion from 'time_t' to 'unsigned int', possible loss of data
     1>c:\users\mandrake\documents\prg410\week 03\sopa\sopa\sopa.cpp(219): warning C4996: 'getch': The POSIX name for this item is deprecated. Instead, use the ISO C++ conformant name: _getch. See online help for details.
                 c:\program files (x86)\microsoft visual studio 10.0\vc\include\conio.h(128) : see declaration of 'getch'
     1>c:\users\mandrake\documents\prg410\week 03\sopa\sopa\sopa.cpp(252): warning C4996: 'getch': The POSIX name for this item is deprecated. Instead, use the ISO C++ conformant name: _getch. See online help for details.
                 c:\program files (x86)\microsoft visual studio 10.0\vc\include\conio.h(128) : see declaration of 'getch'
     1>c:\users\mandrake\documents\prg410\week 03\sopa\sopa\sopa.cpp(289): warning C4996: 'getch': The POSIX name for this item is deprecated. Instead, use the ISO C++ conformant name: _getch. See online help for details.
                 c:\program files (x86)\microsoft visual studio 10.0\vc\include\conio.h(128) : see declaration of 'getch'
     1>c:\users\mandrake\documents\prg410\week 03\sopa\sopa\sopa.cpp(300): error C2084: function 'int wmain(int,_TCHAR *[])' already has a body
                 c:\users\mandrake\documents\prg410\week 03\sopa\sopa\sopa.cpp(259) : see previous definition of 'wmain'
     1>Done Building Project "C:\Users\mandrake\Documents\Prg410\Week 03\Sopa\Sopa\Sopa.vcxproj" (build target(s)) -- FAILED.

Build FAILED.

Time Elapsed 00:00:01.37
