c:\users\mandrake\documents\prg410\week 04\guessinggamethree\guessinggamethree\debug\guessinggamethree.pch
c:\users\mandrake\documents\prg410\week 04\guessinggamethree\guessinggamethree\debug\stdafx.obj
c:\users\mandrake\documents\prg410\week 04\guessinggamethree\guessinggamethree\debug\vc100.pdb
c:\users\mandrake\documents\prg410\week 04\guessinggamethree\guessinggamethree\debug\guessinggamethree.obj
c:\users\mandrake\documents\prg410\week 04\guessinggamethree\debug\guessinggamethree.ilk
c:\users\mandrake\documents\prg410\week 04\guessinggamethree\debug\guessinggamethree.exe
c:\users\mandrake\documents\prg410\week 04\guessinggamethree\guessinggamethree\debug\guessinggamethree.exe.intermediate.manifest
c:\users\mandrake\documents\prg410\week 04\guessinggamethree\debug\guessinggamethree.pdb
c:\users\mandrake\documents\prg410\week 04\guessinggamethree\guessinggamethree\debug\guessinggamethree.exe.embed.manifest
c:\users\mandrake\documents\prg410\week 04\guessinggamethree\guessinggamethree\debug\guessinggamethree.exe.embed.manifest.res
c:\users\mandrake\documents\prg410\week 04\guessinggamethree\guessinggamethree\debug\vc140.pdb
c:\users\mandrake\documents\prg410\week 04\guessinggamethree\guessinggamethree\debug\vc140.idb
c:\users\mandrake\documents\prg410\week 04\guessinggamethree\guessinggamethree\debug\cl.command.1.tlog
c:\users\mandrake\documents\prg410\week 04\guessinggamethree\guessinggamethree\debug\cl.read.1.tlog
c:\users\mandrake\documents\prg410\week 04\guessinggamethree\guessinggamethree\debug\cl.write.1.tlog
c:\users\mandrake\documents\prg410\week 04\guessinggamethree\guessinggamethree\debug\guessinggamethree.write.1.tlog
c:\users\mandrake\documents\prg410\week 04\guessinggamethree\guessinggamethree\debug\link-cvtres.read.1.tlog
c:\users\mandrake\documents\prg410\week 04\guessinggamethree\guessinggamethree\debug\link-cvtres.write.1.tlog
c:\users\mandrake\documents\prg410\week 04\guessinggamethree\guessinggamethree\debug\link.6040-cvtres.read.1.tlog
c:\users\mandrake\documents\prg410\week 04\guessinggamethree\guessinggamethree\debug\link.6040-cvtres.write.1.tlog
c:\users\mandrake\documents\prg410\week 04\guessinggamethree\guessinggamethree\debug\link.6040.read.1.tlog
c:\users\mandrake\documents\prg410\week 04\guessinggamethree\guessinggamethree\debug\link.6040.write.1.tlog
c:\users\mandrake\documents\prg410\week 04\guessinggamethree\guessinggamethree\debug\link.command.1.tlog
c:\users\mandrake\documents\prg410\week 04\guessinggamethree\guessinggamethree\debug\link.read.1.tlog
c:\users\mandrake\documents\prg410\week 04\guessinggamethree\guessinggamethree\debug\link.write.1.tlog
c:\users\mandrake\documents\prg410\week 04\guessinggamethree\guessinggamethree\debug\mt.command.1.tlog
c:\users\mandrake\documents\prg410\week 04\guessinggamethree\guessinggamethree\debug\mt.read.1.tlog
c:\users\mandrake\documents\prg410\week 04\guessinggamethree\guessinggamethree\debug\mt.write.1.tlog
c:\users\mandrake\documents\prg410\week 04\guessinggamethree\guessinggamethree\debug\rc.command.1.tlog
c:\users\mandrake\documents\prg410\week 04\guessinggamethree\guessinggamethree\debug\rc.read.1.tlog
c:\users\mandrake\documents\prg410\week 04\guessinggamethree\guessinggamethree\debug\rc.write.1.tlog
c:\users\mandrake\documents\prg410\week 04\guessinggamethree\guessinggamethree\debug\vc100.idb
c:\users\mandrake\documents\prg410\week 04\guessinggamethree\guessinggamethree\debug\guessinggamethree_manifest.rc
c:\users\mandrake\documents\prg410\week 04\guessinggamethree\guessinggamethree\debug\guessing.c86c438f.tlog\cl.command.1.tlog
c:\users\mandrake\documents\prg410\week 04\guessinggamethree\guessinggamethree\debug\guessing.c86c438f.tlog\cl.read.1.tlog
c:\users\mandrake\documents\prg410\week 04\guessinggamethree\guessinggamethree\debug\guessing.c86c438f.tlog\cl.write.1.tlog
c:\users\mandrake\documents\prg410\week 04\guessinggamethree\guessinggamethree\debug\guessing.c86c438f.tlog\link-cvtres.read.1.tlog
c:\users\mandrake\documents\prg410\week 04\guessinggamethree\guessinggamethree\debug\guessing.c86c438f.tlog\link-cvtres.write.1.tlog
c:\users\mandrake\documents\prg410\week 04\guessinggamethree\guessinggamethree\debug\guessing.c86c438f.tlog\link-rc.read.1.tlog
c:\users\mandrake\documents\prg410\week 04\guessinggamethree\guessinggamethree\debug\guessing.c86c438f.tlog\link-rc.write.1.tlog
c:\users\mandrake\documents\prg410\week 04\guessinggamethree\guessinggamethree\debug\guessing.c86c438f.tlog\link.command.1.tlog
c:\users\mandrake\documents\prg410\week 04\guessinggamethree\guessinggamethree\debug\guessing.c86c438f.tlog\link.read.1.tlog
c:\users\mandrake\documents\prg410\week 04\guessinggamethree\guessinggamethree\debug\guessing.c86c438f.tlog\link.write.1.tlog
