Build started 11/8/2015 9:51:12 AM.
     1>Project "C:\Users\mandrake\Documents\Prg410\Week 01\DemoFunctions\DemoFunctions\DemoFunctions.vcxproj" on node 2 (build target(s)).
     1>InitializeBuildStatus:
         Creating "Debug\DemoFunctions.unsuccessfulbuild" because "AlwaysCreate" was specified.
       ClCompile:
         All outputs are up-to-date.
         c:\Program Files (x86)\Microsoft Visual Studio 10.0\VC\bin\CL.exe /c /ZI /nologo /W3 /WX- /Od /Oy- /D WIN32 /D _DEBUG /D _CONSOLE /D _UNICODE /D UNICODE /Gm /EHsc /RTC1 /MDd /GS /fp:precise /Zc:wchar_t /Zc:forScope /Yu"StdAfx.h" /Fp"Debug\DemoFunctions.pch" /Fo"Debug\\" /Fd"Debug\vc100.pdb" /Gd /TP /analyze- /errorReport:prompt DemoFunctions.cpp
         DemoFunctions.cpp
     1>c:\users\mandrake\documents\prg410\week 01\demofunctions\demofunctions\demofunctions.cpp(76): warning C4566: character represented by universal-character-name '\u2310' cannot be represented in the current code page (1252)
     1>c:\users\mandrake\documents\prg410\week 01\demofunctions\demofunctions\demofunctions.cpp(78): warning C4566: character represented by universal-character-name '\u2514' cannot be represented in the current code page (1252)
     1>c:\users\mandrake\documents\prg410\week 01\demofunctions\demofunctions\demofunctions.cpp(79): warning C4566: character represented by universal-character-name '\u2518' cannot be represented in the current code page (1252)
     1>c:\users\mandrake\documents\prg410\week 01\demofunctions\demofunctions\demofunctions.cpp(80): warning C4566: character represented by universal-character-name '\u2500' cannot be represented in the current code page (1252)
     1>c:\users\mandrake\documents\prg410\week 01\demofunctions\demofunctions\demofunctions.cpp(81): warning C4566: character represented by universal-character-name '\u2500' cannot be represented in the current code page (1252)
     1>c:\users\mandrake\documents\prg410\week 01\demofunctions\demofunctions\demofunctions.cpp(82): warning C4566: character represented by universal-character-name '\u2502' cannot be represented in the current code page (1252)
     1>c:\users\mandrake\documents\prg410\week 01\demofunctions\demofunctions\demofunctions.cpp(83): warning C4566: character represented by universal-character-name '\u2502' cannot be represented in the current code page (1252)
     1>c:\users\mandrake\documents\prg410\week 01\demofunctions\demofunctions\demofunctions.cpp(87): warning C4566: character represented by universal-character-name '\u2554' cannot be represented in the current code page (1252)
     1>c:\users\mandrake\documents\prg410\week 01\demofunctions\demofunctions\demofunctions.cpp(88): warning C4566: character represented by universal-character-name '\u2557' cannot be represented in the current code page (1252)
     1>c:\users\mandrake\documents\prg410\week 01\demofunctions\demofunctions\demofunctions.cpp(89): warning C4566: character represented by universal-character-name '\u255A' cannot be represented in the current code page (1252)
     1>c:\users\mandrake\documents\prg410\week 01\demofunctions\demofunctions\demofunctions.cpp(90): warning C4566: character represented by universal-character-name '\u255D' cannot be represented in the current code page (1252)
     1>c:\users\mandrake\documents\prg410\week 01\demofunctions\demofunctions\demofunctions.cpp(91): warning C4566: character represented by universal-character-name '\u2550' cannot be represented in the current code page (1252)
     1>c:\users\mandrake\documents\prg410\week 01\demofunctions\demofunctions\demofunctions.cpp(92): warning C4566: character represented by universal-character-name '\u2550' cannot be represented in the current code page (1252)
     1>c:\users\mandrake\documents\prg410\week 01\demofunctions\demofunctions\demofunctions.cpp(93): warning C4566: character represented by universal-character-name '\u2551' cannot be represented in the current code page (1252)
     1>c:\users\mandrake\documents\prg410\week 01\demofunctions\demofunctions\demofunctions.cpp(94): warning C4566: character represented by universal-character-name '\u2551' cannot be represented in the current code page (1252)
     1>c:\users\mandrake\documents\prg410\week 01\demofunctions\demofunctions\demofunctions.cpp(104): warning C4996: 'getch': The POSIX name for this item is deprecated. Instead, use the ISO C++ conformant name: _getch. See online help for details.
                 c:\program files (x86)\microsoft visual studio 10.0\vc\include\conio.h(128) : see declaration of 'getch'
     1>c:\users\mandrake\documents\prg410\week 01\demofunctions\demofunctions\demofunctions.cpp(159): warning C4996: 'getch': The POSIX name for this item is deprecated. Instead, use the ISO C++ conformant name: _getch. See online help for details.
                 c:\program files (x86)\microsoft visual studio 10.0\vc\include\conio.h(128) : see declaration of 'getch'
     1>c:\users\mandrake\documents\prg410\week 01\demofunctions\demofunctions\demofunctions.cpp(164): warning C4996: 'getch': The POSIX name for this item is deprecated. Instead, use the ISO C++ conformant name: _getch. See online help for details.
                 c:\program files (x86)\microsoft visual studio 10.0\vc\include\conio.h(128) : see declaration of 'getch'
     1>c:\users\mandrake\documents\prg410\week 01\demofunctions\demofunctions\demofunctions.cpp(171): warning C4996: 'getch': The POSIX name for this item is deprecated. Instead, use the ISO C++ conformant name: _getch. See online help for details.
                 c:\program files (x86)\microsoft visual studio 10.0\vc\include\conio.h(128) : see declaration of 'getch'
       ManifestResourceCompile:
         All outputs are up-to-date.
       Link:
         c:\Program Files (x86)\Microsoft Visual Studio 10.0\VC\bin\link.exe /ERRORREPORT:PROMPT /OUT:"C:\Users\mandrake\Documents\Prg410\Week 01\DemoFunctions\Debug\DemoFunctions.exe" /INCREMENTAL /NOLOGO kernel32.lib user32.lib gdi32.lib winspool.lib comdlg32.lib advapi32.lib shell32.lib ole32.lib oleaut32.lib uuid.lib odbc32.lib odbccp32.lib /MANIFEST /ManifestFile:"Debug\DemoFunctions.exe.intermediate.manifest" /MANIFESTUAC:"level='asInvoker' uiAccess='false'" /DEBUG /PDB:"C:\Users\mandrake\Documents\Prg410\Week 01\DemoFunctions\Debug\DemoFunctions.pdb" /SUBSYSTEM:CONSOLE /TLBID:1 /DYNAMICBASE /NXCOMPAT /IMPLIB:"C:\Users\mandrake\Documents\Prg410\Week 01\DemoFunctions\Debug\DemoFunctions.lib" /MACHINE:X86 Debug\DemoFunctions.exe.embed.manifest.res
         Debug\DemoFunctions.obj
         Debug\stdafx.obj
       Manifest:
         C:\Program Files (x86)\Microsoft SDKs\Windows\v7.0A\bin\mt.exe /nologo /verbose /out:"Debug\DemoFunctions.exe.embed.manifest" /manifest Debug\DemoFunctions.exe.intermediate.manifest
         All outputs are up-to-date.
       LinkEmbedManifest:
         All outputs are up-to-date.
         DemoFunctions.vcxproj -> C:\Users\mandrake\Documents\Prg410\Week 01\DemoFunctions\Debug\DemoFunctions.exe
       FinalizeBuildStatus:
         Deleting file "Debug\DemoFunctions.unsuccessfulbuild".
         Touching "Debug\DemoFunctions.lastbuildstate".
     1>Done Building Project "C:\Users\mandrake\Documents\Prg410\Week 01\DemoFunctions\DemoFunctions\DemoFunctions.vcxproj" (build target(s)).

Build succeeded.

Time Elapsed 00:00:03.64
