C:\USERS\MANDRAKE\DOCUMENTS\PRG410\WEEK 03\THEATER\DEBUG\THEATER.EXE
C:\USERS\MANDRAKE\DOCUMENTS\PRG410\WEEK 03\THEATER\DEBUG\THEATER.ILK
C:\USERS\MANDRAKE\DOCUMENTS\PRG410\WEEK 03\THEATER\DEBUG\THEATER.PDB
C:\Users\mandrake\Documents\Prg410\Week 03\Theater\Theater\Debug\cl.command.1.tlog
C:\Users\mandrake\Documents\Prg410\Week 03\Theater\Theater\Debug\CL.read.1.tlog
C:\Users\mandrake\Documents\Prg410\Week 03\Theater\Theater\Debug\CL.write.1.tlog
C:\Users\mandrake\Documents\Prg410\Week 03\Theater\Theater\Debug\link.3588.read.1.tlog
C:\Users\mandrake\Documents\Prg410\Week 03\Theater\Theater\Debug\link.3588.write.1.tlog
C:\Users\mandrake\Documents\Prg410\Week 03\Theater\Theater\Debug\link.3588-cvtres.read.1.tlog
C:\Users\mandrake\Documents\Prg410\Week 03\Theater\Theater\Debug\link.3588-cvtres.write.1.tlog
C:\Users\mandrake\Documents\Prg410\Week 03\Theater\Theater\Debug\link.command.1.tlog
C:\Users\mandrake\Documents\Prg410\Week 03\Theater\Theater\Debug\link.read.1.tlog
C:\Users\mandrake\Documents\Prg410\Week 03\Theater\Theater\Debug\link.write.1.tlog
C:\Users\mandrake\Documents\Prg410\Week 03\Theater\Theater\Debug\link-cvtres.read.1.tlog
C:\Users\mandrake\Documents\Prg410\Week 03\Theater\Theater\Debug\link-cvtres.write.1.tlog
C:\Users\mandrake\Documents\Prg410\Week 03\Theater\Theater\Debug\mt.command.1.tlog
C:\Users\mandrake\Documents\Prg410\Week 03\Theater\Theater\Debug\mt.read.1.tlog
C:\Users\mandrake\Documents\Prg410\Week 03\Theater\Theater\Debug\mt.write.1.tlog
C:\Users\mandrake\Documents\Prg410\Week 03\Theater\Theater\Debug\rc.command.1.tlog
C:\Users\mandrake\Documents\Prg410\Week 03\Theater\Theater\Debug\rc.read.1.tlog
C:\Users\mandrake\Documents\Prg410\Week 03\Theater\Theater\Debug\rc.write.1.tlog
C:\USERS\MANDRAKE\DOCUMENTS\PRG410\WEEK 03\THEATER\THEATER\DEBUG\STDAFX.OBJ
C:\USERS\MANDRAKE\DOCUMENTS\PRG410\WEEK 03\THEATER\THEATER\DEBUG\THEATER.EXE.EMBED.MANIFEST
C:\USERS\MANDRAKE\DOCUMENTS\PRG410\WEEK 03\THEATER\THEATER\DEBUG\THEATER.EXE.EMBED.MANIFEST.RES
C:\USERS\MANDRAKE\DOCUMENTS\PRG410\WEEK 03\THEATER\THEATER\DEBUG\THEATER.EXE.INTERMEDIATE.MANIFEST
C:\USERS\MANDRAKE\DOCUMENTS\PRG410\WEEK 03\THEATER\THEATER\DEBUG\THEATER.OBJ
C:\USERS\MANDRAKE\DOCUMENTS\PRG410\WEEK 03\THEATER\THEATER\DEBUG\THEATER.PCH
C:\Users\mandrake\Documents\Prg410\Week 03\Theater\Theater\Debug\Theater.vcxprojResolveAssemblyReference.cache
C:\Users\mandrake\Documents\Prg410\Week 03\Theater\Theater\Debug\Theater.write.1.tlog
C:\Users\mandrake\Documents\Prg410\Week 03\Theater\Theater\Debug\Theater_manifest.rc
C:\Users\mandrake\Documents\Prg410\Week 03\Theater\Theater\Debug\vc100.idb
C:\USERS\MANDRAKE\DOCUMENTS\PRG410\WEEK 03\THEATER\THEATER\DEBUG\VC100.PDB
