Build started 11/2/2015 5:22:16 PM.
     1>Project "C:\Users\mandrake\Documents\Prg410\Week 01\MathTutor\MathTutor\MathTutor.vcxproj" on node 2 (build target(s)).
     1>InitializeBuildStatus:
         Creating "Debug\MathTutor.unsuccessfulbuild" because "AlwaysCreate" was specified.
       ClCompile:
         All outputs are up-to-date.
         c:\Program Files (x86)\Microsoft Visual Studio 10.0\VC\bin\CL.exe /c /ZI /nologo /W3 /WX- /Od /Oy- /D WIN32 /D _DEBUG /D _CONSOLE /D _UNICODE /D UNICODE /Gm /EHsc /RTC1 /MDd /GS /fp:precise /Zc:wchar_t /Zc:forScope /Yu"StdAfx.h" /Fp"Debug\MathTutor.pch" /Fo"Debug\\" /Fd"Debug\vc100.pdb" /Gd /TP /analyze- /errorReport:prompt MathTutor.cpp
         MathTutor.cpp
     1>c:\users\mandrake\documents\prg410\week 01\mathtutor\mathtutor\mathtutor.cpp(46): warning C4244: '=' : conversion from 'time_t' to 'unsigned int', possible loss of data
     1>c:\users\mandrake\documents\prg410\week 01\mathtutor\mathtutor\mathtutor.cpp(70): warning C4996: 'getch': The POSIX name for this item is deprecated. Instead, use the ISO C++ conformant name: _getch. See online help for details.
                 c:\program files (x86)\microsoft visual studio 10.0\vc\include\conio.h(128) : see declaration of 'getch'
     1>c:\users\mandrake\documents\prg410\week 01\mathtutor\mathtutor\mathtutor.cpp(91): warning C4996: 'getch': The POSIX name for this item is deprecated. Instead, use the ISO C++ conformant name: _getch. See online help for details.
                 c:\program files (x86)\microsoft visual studio 10.0\vc\include\conio.h(128) : see declaration of 'getch'
       ManifestResourceCompile:
         All outputs are up-to-date.
       Link:
         c:\Program Files (x86)\Microsoft Visual Studio 10.0\VC\bin\link.exe /ERRORREPORT:PROMPT /OUT:"C:\Users\mandrake\Documents\Prg410\Week 01\MathTutor\Debug\MathTutor.exe" /INCREMENTAL /NOLOGO kernel32.lib user32.lib gdi32.lib winspool.lib comdlg32.lib advapi32.lib shell32.lib ole32.lib oleaut32.lib uuid.lib odbc32.lib odbccp32.lib /MANIFEST /ManifestFile:"Debug\MathTutor.exe.intermediate.manifest" /MANIFESTUAC:"level='asInvoker' uiAccess='false'" /DEBUG /PDB:"C:\Users\mandrake\Documents\Prg410\Week 01\MathTutor\Debug\MathTutor.pdb" /SUBSYSTEM:CONSOLE /TLBID:1 /DYNAMICBASE /NXCOMPAT /IMPLIB:"C:\Users\mandrake\Documents\Prg410\Week 01\MathTutor\Debug\MathTutor.lib" /MACHINE:X86 Debug\MathTutor.exe.embed.manifest.res
         Debug\MathTutor.obj
         Debug\stdafx.obj
       Manifest:
         C:\Program Files (x86)\Microsoft SDKs\Windows\v7.0A\bin\mt.exe /nologo /verbose /out:"Debug\MathTutor.exe.embed.manifest" /manifest Debug\MathTutor.exe.intermediate.manifest
         All outputs are up-to-date.
       LinkEmbedManifest:
         All outputs are up-to-date.
         MathTutor.vcxproj -> C:\Users\mandrake\Documents\Prg410\Week 01\MathTutor\Debug\MathTutor.exe
       FinalizeBuildStatus:
         Deleting file "Debug\MathTutor.unsuccessfulbuild".
         Touching "Debug\MathTutor.lastbuildstate".
     1>Done Building Project "C:\Users\mandrake\Documents\Prg410\Week 01\MathTutor\MathTutor\MathTutor.vcxproj" (build target(s)).

Build succeeded.

Time Elapsed 00:00:05.59
