Build started 11/16/2015 6:47:50 PM.
     1>Project "C:\Users\mandrake\Documents\Prg410\Week 03\GraphicCharacters\GraphicCharacters\GraphicCharacters.vcxproj" on node 2 (build target(s)).
     1>InitializeBuildStatus:
         Creating "Debug\GraphicCharacters.unsuccessfulbuild" because "AlwaysCreate" was specified.
       ClCompile:
         All outputs are up-to-date.
         c:\Program Files (x86)\Microsoft Visual Studio 10.0\VC\bin\CL.exe /c /ZI /nologo /W3 /WX- /Od /Oy- /D WIN32 /D _DEBUG /D _CONSOLE /D _UNICODE /D UNICODE /Gm /EHsc /RTC1 /MDd /GS /fp:precise /Zc:wchar_t /Zc:forScope /Yu"StdAfx.h" /Fp"Debug\GraphicCharacters.pch" /Fo"Debug\\" /Fd"Debug\vc100.pdb" /Gd /TP /analyze- /errorReport:prompt GraphicCharacters.cpp
         GraphicCharacters.cpp
     1>c:\users\mandrake\documents\prg410\week 03\graphiccharacters\graphiccharacters\graphiccharacters.cpp(16): warning C4566: character represented by universal-character-name '\u250C' cannot be represented in the current code page (1252)
     1>c:\users\mandrake\documents\prg410\week 03\graphiccharacters\graphiccharacters\graphiccharacters.cpp(16): warning C4566: character represented by universal-character-name '\u2500' cannot be represented in the current code page (1252)
     1>c:\users\mandrake\documents\prg410\week 03\graphiccharacters\graphiccharacters\graphiccharacters.cpp(16): warning C4566: character represented by universal-character-name '\u252C' cannot be represented in the current code page (1252)
     1>c:\users\mandrake\documents\prg410\week 03\graphiccharacters\graphiccharacters\graphiccharacters.cpp(16): warning C4566: character represented by universal-character-name '\u2500' cannot be represented in the current code page (1252)
     1>c:\users\mandrake\documents\prg410\week 03\graphiccharacters\graphiccharacters\graphiccharacters.cpp(16): warning C4566: character represented by universal-character-name '\u252C' cannot be represented in the current code page (1252)
     1>c:\users\mandrake\documents\prg410\week 03\graphiccharacters\graphiccharacters\graphiccharacters.cpp(16): warning C4566: character represented by universal-character-name '\u2500' cannot be represented in the current code page (1252)
     1>c:\users\mandrake\documents\prg410\week 03\graphiccharacters\graphiccharacters\graphiccharacters.cpp(16): warning C4566: character represented by universal-character-name '\u252C' cannot be represented in the current code page (1252)
     1>c:\users\mandrake\documents\prg410\week 03\graphiccharacters\graphiccharacters\graphiccharacters.cpp(16): warning C4566: character represented by universal-character-name '\u2500' cannot be represented in the current code page (1252)
     1>c:\users\mandrake\documents\prg410\week 03\graphiccharacters\graphiccharacters\graphiccharacters.cpp(16): warning C4566: character represented by universal-character-name '\u252C' cannot be represented in the current code page (1252)
     1>c:\users\mandrake\documents\prg410\week 03\graphiccharacters\graphiccharacters\graphiccharacters.cpp(16): warning C4566: character represented by universal-character-name '\u2500' cannot be represented in the current code page (1252)
     1>c:\users\mandrake\documents\prg410\week 03\graphiccharacters\graphiccharacters\graphiccharacters.cpp(16): warning C4566: character represented by universal-character-name '\u252C' cannot be represented in the current code page (1252)
     1>c:\users\mandrake\documents\prg410\week 03\graphiccharacters\graphiccharacters\graphiccharacters.cpp(16): warning C4566: character represented by universal-character-name '\u2500' cannot be represented in the current code page (1252)
     1>c:\users\mandrake\documents\prg410\week 03\graphiccharacters\graphiccharacters\graphiccharacters.cpp(16): warning C4566: character represented by universal-character-name '\u252C' cannot be represented in the current code page (1252)
     1>c:\users\mandrake\documents\prg410\week 03\graphiccharacters\graphiccharacters\graphiccharacters.cpp(16): warning C4566: character represented by universal-character-name '\u2500' cannot be represented in the current code page (1252)
     1>c:\users\mandrake\documents\prg410\week 03\graphiccharacters\graphiccharacters\graphiccharacters.cpp(16): warning C4566: character represented by universal-character-name '\u252C' cannot be represented in the current code page (1252)
     1>c:\users\mandrake\documents\prg410\week 03\graphiccharacters\graphiccharacters\graphiccharacters.cpp(16): warning C4566: character represented by universal-character-name '\u2500' cannot be represented in the current code page (1252)
     1>c:\users\mandrake\documents\prg410\week 03\graphiccharacters\graphiccharacters\graphiccharacters.cpp(16): warning C4566: character represented by universal-character-name '\u252C' cannot be represented in the current code page (1252)
     1>c:\users\mandrake\documents\prg410\week 03\graphiccharacters\graphiccharacters\graphiccharacters.cpp(16): warning C4566: character represented by universal-character-name '\u2500' cannot be represented in the current code page (1252)
     1>c:\users\mandrake\documents\prg410\week 03\graphiccharacters\graphiccharacters\graphiccharacters.cpp(16): warning C4566: character represented by universal-character-name '\u252C' cannot be represented in the current code page (1252)
     1>c:\users\mandrake\documents\prg410\week 03\graphiccharacters\graphiccharacters\graphiccharacters.cpp(16): warning C4566: character represented by universal-character-name '\u2500' cannot be represented in the current code page (1252)
     1>c:\users\mandrake\documents\prg410\week 03\graphiccharacters\graphiccharacters\graphiccharacters.cpp(16): warning C4566: character represented by universal-character-name '\u2510' cannot be represented in the current code page (1252)
     1>c:\users\mandrake\documents\prg410\week 03\graphiccharacters\graphiccharacters\graphiccharacters.cpp(17): warning C4566: character represented by universal-character-name '\u2502' cannot be represented in the current code page (1252)
     1>c:\users\mandrake\documents\prg410\week 03\graphiccharacters\graphiccharacters\graphiccharacters.cpp(17): warning C4566: character represented by universal-character-name '\u2502' cannot be represented in the current code page (1252)
     1>c:\users\mandrake\documents\prg410\week 03\graphiccharacters\graphiccharacters\graphiccharacters.cpp(17): warning C4566: character represented by universal-character-name '\u2502' cannot be represented in the current code page (1252)
     1>c:\users\mandrake\documents\prg410\week 03\graphiccharacters\graphiccharacters\graphiccharacters.cpp(17): warning C4566: character represented by universal-character-name '\u2502' cannot be represented in the current code page (1252)
     1>c:\users\mandrake\documents\prg410\week 03\graphiccharacters\graphiccharacters\graphiccharacters.cpp(17): warning C4566: character represented by universal-character-name '\u2502' cannot be represented in the current code page (1252)
     1>c:\users\mandrake\documents\prg410\week 03\graphiccharacters\graphiccharacters\graphiccharacters.cpp(17): warning C4566: character represented by universal-character-name '\u2502' cannot be represented in the current code page (1252)
     1>c:\users\mandrake\documents\prg410\week 03\graphiccharacters\graphiccharacters\graphiccharacters.cpp(17): warning C4566: character represented by universal-character-name '\u2502' cannot be represented in the current code page (1252)
     1>c:\users\mandrake\documents\prg410\week 03\graphiccharacters\graphiccharacters\graphiccharacters.cpp(17): warning C4566: character represented by universal-character-name '\u2502' cannot be represented in the current code page (1252)
     1>c:\users\mandrake\documents\prg410\week 03\graphiccharacters\graphiccharacters\graphiccharacters.cpp(17): warning C4566: character represented by universal-character-name '\u2502' cannot be represented in the current code page (1252)
     1>c:\users\mandrake\documents\prg410\week 03\graphiccharacters\graphiccharacters\graphiccharacters.cpp(17): warning C4566: character represented by universal-character-name '\u2502' cannot be represented in the current code page (1252)
     1>c:\users\mandrake\documents\prg410\week 03\graphiccharacters\graphiccharacters\graphiccharacters.cpp(17): warning C4566: character represented by universal-character-name '\u2502' cannot be represented in the current code page (1252)
     1>c:\users\mandrake\documents\prg410\week 03\graphiccharacters\graphiccharacters\graphiccharacters.cpp(18): warning C4566: character represented by universal-character-name '\u251C' cannot be represented in the current code page (1252)
     1>c:\users\mandrake\documents\prg410\week 03\graphiccharacters\graphiccharacters\graphiccharacters.cpp(18): warning C4566: character represented by universal-character-name '\u2500' cannot be represented in the current code page (1252)
     1>c:\users\mandrake\documents\prg410\week 03\graphiccharacters\graphiccharacters\graphiccharacters.cpp(18): warning C4566: character represented by universal-character-name '\u253C' cannot be represented in the current code page (1252)
     1>c:\users\mandrake\documents\prg410\week 03\graphiccharacters\graphiccharacters\graphiccharacters.cpp(18): warning C4566: character represented by universal-character-name '\u2500' cannot be represented in the current code page (1252)
     1>c:\users\mandrake\documents\prg410\week 03\graphiccharacters\graphiccharacters\graphiccharacters.cpp(18): warning C4566: character represented by universal-character-name '\u253C' cannot be represented in the current code page (1252)
     1>c:\users\mandrake\documents\prg410\week 03\graphiccharacters\graphiccharacters\graphiccharacters.cpp(18): warning C4566: character represented by universal-character-name '\u2500' cannot be represented in the current code page (1252)
     1>c:\users\mandrake\documents\prg410\week 03\graphiccharacters\graphiccharacters\graphiccharacters.cpp(18): warning C4566: character represented by universal-character-name '\u253C' cannot be represented in the current code page (1252)
     1>c:\users\mandrake\documents\prg410\week 03\graphiccharacters\graphiccharacters\graphiccharacters.cpp(18): warning C4566: character represented by universal-character-name '\u2500' cannot be represented in the current code page (1252)
     1>c:\users\mandrake\documents\prg410\week 03\graphiccharacters\graphiccharacters\graphiccharacters.cpp(18): warning C4566: character represented by universal-character-name '\u253C' cannot be represented in the current code page (1252)
     1>c:\users\mandrake\documents\prg410\week 03\graphiccharacters\graphiccharacters\graphiccharacters.cpp(18): warning C4566: character represented by universal-character-name '\u2500' cannot be represented in the current code page (1252)
     1>c:\users\mandrake\documents\prg410\week 03\graphiccharacters\graphiccharacters\graphiccharacters.cpp(18): warning C4566: character represented by universal-character-name '\u253C' cannot be represented in the current code page (1252)
     1>c:\users\mandrake\documents\prg410\week 03\graphiccharacters\graphiccharacters\graphiccharacters.cpp(18): warning C4566: character represented by universal-character-name '\u2500' cannot be represented in the current code page (1252)
     1>c:\users\mandrake\documents\prg410\week 03\graphiccharacters\graphiccharacters\graphiccharacters.cpp(18): warning C4566: character represented by universal-character-name '\u253C' cannot be represented in the current code page (1252)
     1>c:\users\mandrake\documents\prg410\week 03\graphiccharacters\graphiccharacters\graphiccharacters.cpp(18): warning C4566: character represented by universal-character-name '\u2500' cannot be represented in the current code page (1252)
     1>c:\users\mandrake\documents\prg410\week 03\graphiccharacters\graphiccharacters\graphiccharacters.cpp(18): warning C4566: character represented by universal-character-name '\u253C' cannot be represented in the current code page (1252)
     1>c:\users\mandrake\documents\prg410\week 03\graphiccharacters\graphiccharacters\graphiccharacters.cpp(18): warning C4566: character represented by universal-character-name '\u2500' cannot be represented in the current code page (1252)
     1>c:\users\mandrake\documents\prg410\week 03\graphiccharacters\graphiccharacters\graphiccharacters.cpp(18): warning C4566: character represented by universal-character-name '\u253C' cannot be represented in the current code page (1252)
     1>c:\users\mandrake\documents\prg410\week 03\graphiccharacters\graphiccharacters\graphiccharacters.cpp(18): warning C4566: character represented by universal-character-name '\u2500' cannot be represented in the current code page (1252)
     1>c:\users\mandrake\documents\prg410\week 03\graphiccharacters\graphiccharacters\graphiccharacters.cpp(18): warning C4566: character represented by universal-character-name '\u253C' cannot be represented in the current code page (1252)
     1>c:\users\mandrake\documents\prg410\week 03\graphiccharacters\graphiccharacters\graphiccharacters.cpp(18): warning C4566: character represented by universal-character-name '\u2500' cannot be represented in the current code page (1252)
     1>c:\users\mandrake\documents\prg410\week 03\graphiccharacters\graphiccharacters\graphiccharacters.cpp(18): warning C4566: character represented by universal-character-name '\u2524' cannot be represented in the current code page (1252)
     1>c:\users\mandrake\documents\prg410\week 03\graphiccharacters\graphiccharacters\graphiccharacters.cpp(19): warning C4566: character represented by universal-character-name '\u2502' cannot be represented in the current code page (1252)
     1>c:\users\mandrake\documents\prg410\week 03\graphiccharacters\graphiccharacters\graphiccharacters.cpp(19): warning C4566: character represented by universal-character-name '\u2502' cannot be represented in the current code page (1252)
     1>c:\users\mandrake\documents\prg410\week 03\graphiccharacters\graphiccharacters\graphiccharacters.cpp(19): warning C4566: character represented by universal-character-name '\u2502' cannot be represented in the current code page (1252)
     1>c:\users\mandrake\documents\prg410\week 03\graphiccharacters\graphiccharacters\graphiccharacters.cpp(19): warning C4566: character represented by universal-character-name '\u2502' cannot be represented in the current code page (1252)
     1>c:\users\mandrake\documents\prg410\week 03\graphiccharacters\graphiccharacters\graphiccharacters.cpp(19): warning C4566: character represented by universal-character-name '\u2502' cannot be represented in the current code page (1252)
     1>c:\users\mandrake\documents\prg410\week 03\graphiccharacters\graphiccharacters\graphiccharacters.cpp(19): warning C4566: character represented by universal-character-name '\u2502' cannot be represented in the current code page (1252)
     1>c:\users\mandrake\documents\prg410\week 03\graphiccharacters\graphiccharacters\graphiccharacters.cpp(19): warning C4566: character represented by universal-character-name '\u2502' cannot be represented in the current code page (1252)
     1>c:\users\mandrake\documents\prg410\week 03\graphiccharacters\graphiccharacters\graphiccharacters.cpp(19): warning C4566: character represented by universal-character-name '\u2502' cannot be represented in the current code page (1252)
     1>c:\users\mandrake\documents\prg410\week 03\graphiccharacters\graphiccharacters\graphiccharacters.cpp(19): warning C4566: character represented by universal-character-name '\u2502' cannot be represented in the current code page (1252)
     1>c:\users\mandrake\documents\prg410\week 03\graphiccharacters\graphiccharacters\graphiccharacters.cpp(19): warning C4566: character represented by universal-character-name '\u2502' cannot be represented in the current code page (1252)
     1>c:\users\mandrake\documents\prg410\week 03\graphiccharacters\graphiccharacters\graphiccharacters.cpp(19): warning C4566: character represented by universal-character-name '\u2502' cannot be represented in the current code page (1252)
     1>c:\users\mandrake\documents\prg410\week 03\graphiccharacters\graphiccharacters\graphiccharacters.cpp(20): warning C4996: 'getch': The POSIX name for this item is deprecated. Instead, use the ISO C++ conformant name: _getch. See online help for details.
                 c:\program files (x86)\microsoft visual studio 10.0\vc\include\conio.h(128) : see declaration of 'getch'
       ManifestResourceCompile:
         All outputs are up-to-date.
       Link:
         c:\Program Files (x86)\Microsoft Visual Studio 10.0\VC\bin\link.exe /ERRORREPORT:PROMPT /OUT:"C:\Users\mandrake\Documents\Prg410\Week 03\GraphicCharacters\Debug\GraphicCharacters.exe" /INCREMENTAL /NOLOGO kernel32.lib user32.lib gdi32.lib winspool.lib comdlg32.lib advapi32.lib shell32.lib ole32.lib oleaut32.lib uuid.lib odbc32.lib odbccp32.lib /MANIFEST /ManifestFile:"Debug\GraphicCharacters.exe.intermediate.manifest" /MANIFESTUAC:"level='asInvoker' uiAccess='false'" /DEBUG /PDB:"C:\Users\mandrake\Documents\Prg410\Week 03\GraphicCharacters\Debug\GraphicCharacters.pdb" /SUBSYSTEM:CONSOLE /TLBID:1 /DYNAMICBASE /NXCOMPAT /IMPLIB:"C:\Users\mandrake\Documents\Prg410\Week 03\GraphicCharacters\Debug\GraphicCharacters.lib" /MACHINE:X86 Debug\GraphicCharacters.exe.embed.manifest.res
         Debug\GraphicCharacters.obj
         Debug\stdafx.obj
       Manifest:
         C:\Program Files (x86)\Microsoft SDKs\Windows\v7.0A\bin\mt.exe /nologo /verbose /out:"Debug\GraphicCharacters.exe.embed.manifest" /manifest Debug\GraphicCharacters.exe.intermediate.manifest
         All outputs are up-to-date.
       LinkEmbedManifest:
         All outputs are up-to-date.
         GraphicCharacters.vcxproj -> C:\Users\mandrake\Documents\Prg410\Week 03\GraphicCharacters\Debug\GraphicCharacters.exe
       FinalizeBuildStatus:
         Deleting file "Debug\GraphicCharacters.unsuccessfulbuild".
         Touching "Debug\GraphicCharacters.lastbuildstate".
     1>Done Building Project "C:\Users\mandrake\Documents\Prg410\Week 03\GraphicCharacters\GraphicCharacters\GraphicCharacters.vcxproj" (build target(s)).

Build succeeded.

Time Elapsed 00:00:02.01
